#
# There is insufficient memory for the Java Runtime Environment to continue.
# Native memory allocation (malloc) failed to allocate 280496 bytes for Chunk::new
# Possible reasons:
#   The system is out of physical RAM or swap space
#   In 32 bit mode, the process size limit was hit
# Possible solutions:
#   Reduce memory load on the system
#   Increase physical memory or swap space
#   Check if swap backing store is full
#   Use 64 bit Java on a 64 bit OS
#   Decrease Java heap size (-Xmx/-Xms)
#   Decrease number of Java threads
#   Decrease Java thread stack sizes (-Xss)
#   Set larger code cache with -XX:ReservedCodeCacheSize=
# This output file may be truncated or incomplete.
#
#  Out of Memory Error (allocation.cpp:390), pid=5492, tid=0x000000000000154c
#
# JRE version: Java(TM) SE Runtime Environment (8.0_101-b13) (build 1.8.0_101-b13)
# Java VM: Java HotSpot(TM) 64-Bit Server VM (25.101-b13 mixed mode windows-amd64 compressed oops)
# Failed to write core dump. Minidumps are not enabled by default on client versions of Windows
#

---------------  T H R E A D  ---------------

Current thread (0x000000005500b000):  JavaThread "C2 CompilerThread1" daemon [_thread_in_native, id=5452, stack(0x0000000056b50000,0x0000000056c50000)]

Stack: [0x0000000056b50000,0x0000000056c50000]
[error occurred during error reporting (printing stack bounds), id 0xc0000005]

Native frames: (J=compiled Java code, j=interpreted, Vv=VM code, C=native code)


Current CompileTask:
C2:   2294 1053       4       com.android.dx.ssa.NormalSsaInsn::accept (25 bytes)


---------------  P R O C E S S  ---------------

Java Threads: ( => current thread )
  0x0000000056f51000 JavaThread "pool-2-thread-4" [_thread_blocked, id=7288, stack(0x0000000057ad0000,0x0000000057bd0000)]
  0x0000000056f4e800 JavaThread "pool-2-thread-3" [_thread_blocked, id=3992, stack(0x0000000057920000,0x0000000057a20000)]
  0x0000000056f4d800 JavaThread "pool-2-thread-2" [_thread_blocked, id=5576, stack(0x0000000057800000,0x0000000057900000)]
  0x0000000056fb3800 JavaThread "pool-3-thread-1" [_thread_blocked, id=2096, stack(0x00000000575e0000,0x00000000576e0000)]
  0x0000000056f8a000 JavaThread "pool-2-thread-1" [_thread_in_vm, id=7788, stack(0x0000000057390000,0x0000000057490000)]
  0x0000000056d68800 JavaThread "Service Thread" daemon [_thread_blocked, id=4996, stack(0x00000000566d0000,0x00000000567d0000)]
  0x000000005500c000 JavaThread "C1 CompilerThread2" daemon [_thread_in_native, id=7972, stack(0x0000000056c60000,0x0000000056d60000)]
=>0x000000005500b000 JavaThread "C2 CompilerThread1" daemon [_thread_in_native, id=5452, stack(0x0000000056b50000,0x0000000056c50000)]
  0x0000000055005000 JavaThread "C2 CompilerThread0" daemon [_thread_blocked, id=5620, stack(0x00000000569c0000,0x0000000056ac0000)]
  0x0000000055001000 JavaThread "Attach Listener" daemon [_thread_blocked, id=3688, stack(0x0000000056850000,0x0000000056950000)]
  0x0000000055000000 JavaThread "Signal Dispatcher" daemon [_thread_blocked, id=6384, stack(0x0000000056590000,0x0000000056690000)]
  0x0000000054fe3800 JavaThread "Finalizer" daemon [_thread_blocked, id=6564, stack(0x0000000056310000,0x0000000056410000)]
  0x0000000054fa2000 JavaThread "Reference Handler" daemon [_thread_blocked, id=3248, stack(0x0000000056050000,0x0000000056150000)]
  0x000000000216e000 JavaThread "main" [_thread_in_Java, id=5344, stack(0x00000000022e0000,0x00000000023e0000)]

Other Threads:
  0x0000000054f9a800 VMThread [stack: 0x00000000561a0000,0x00000000562a0000] [id=6952]
  0x0000000056df4000 WatcherThread [stack: 0x0000000057260000,0x0000000057360000] [id=5560]

VM state:not at safepoint (normal execution)

VM Mutex/Monitor currently owned by a thread: None

Heap:
 PSYoungGen      total 37888K, used 13693K [0x00000000eab00000, 0x00000000ed500000, 0x0000000100000000)
  eden space 32768K, 26% used [0x00000000eab00000,0x00000000eb361f88,0x00000000ecb00000)
  from space 5120K, 99% used [0x00000000ecb00000,0x00000000ecffd650,0x00000000ed000000)
  to   space 5120K, 0% used [0x00000000ed000000,0x00000000ed000000,0x00000000ed500000)
 ParOldGen       total 86016K, used 1309K [0x00000000c0000000, 0x00000000c5400000, 0x00000000eab00000)
  object space 86016K, 1% used [0x00000000c0000000,0x00000000c0147718,0x00000000c5400000)
 Metaspace       used 5884K, capacity 6834K, committed 7040K, reserved 1056768K
  class space    used 599K, capacity 618K, committed 640K, reserved 1048576K

Card table byte_map: [0x0000000011b60000,0x0000000011d70000] byte_map_base: 0x0000000011560000

Marking Bits: (ParMarkBitMap*) 0x000000006e64a6d0
 Begin Bits: [0x0000000012410000, 0x0000000013410000)
 End Bits:   [0x0000000013410000, 0x0000000014410000)

Polling page: 0x0000000000140000

CodeCache: size=245760Kb used=3903Kb max_used=3903Kb free=241856Kb
 bounds [0x00000000027a0000, 0x0000000002b80000, 0x00000000117a0000]
 total_blobs=1308 nmethods=1039 adapters=182
 compilation: enabled

Compilation events (10 events):
Event: 2.291 Thread 0x000000005500c000 nmethod 1083 0x0000000002b6c3d0 code [0x0000000002b6c520, 0x0000000002b6c6d0]
Event: 2.291 Thread 0x000000005500c000 1050       3       com.android.dx.dex.code.OutputFinisher::hasLocalInfo (75 bytes)
Event: 2.291 Thread 0x000000005500c000 nmethod 1050 0x0000000002b6c750 code [0x0000000002b6c960, 0x0000000002b6d738]
Event: 2.291 Thread 0x000000005500c000 1072       2       com.android.dx.dex.code.RopTranslator$LocalVariableAwareTranslationVisitor::visitPlainInsn (11 bytes)
Event: 2.292 Thread 0x000000005500c000 nmethod 1072 0x0000000002b6dbd0 code [0x0000000002b6dd80, 0x0000000002b6e178]
Event: 2.292 Thread 0x000000005500c000 1063   !   2       com.android.dx.cf.code.BaseMachine::result (36 bytes)
Event: 2.292 Thread 0x000000005500c000 nmethod 1063 0x0000000002b6e610 code [0x0000000002b6e7a0, 0x0000000002b6ea98]
Event: 2.292 Thread 0x000000005500c000 1057       2       com.android.dx.rop.code.LocalItem::compareTo (9 bytes)
Event: 2.293 Thread 0x000000005500c000 nmethod 1057 0x0000000002b6ec90 code [0x0000000002b6ee00, 0x0000000002b6f098]
Event: 2.293 Thread 0x000000005500c000 1031       3       java.util.BitSet::set (124 bytes)

GC Heap History (2 events):
Event: 1.480 GC heap before
{Heap before GC invocations=1 (full 0):
 PSYoungGen      total 37888K, used 32768K [0x00000000eab00000, 0x00000000ed500000, 0x0000000100000000)
  eden space 32768K, 100% used [0x00000000eab00000,0x00000000ecb00000,0x00000000ecb00000)
  from space 5120K, 0% used [0x00000000ed000000,0x00000000ed000000,0x00000000ed500000)
  to   space 5120K, 0% used [0x00000000ecb00000,0x00000000ecb00000,0x00000000ed000000)
 ParOldGen       total 86016K, used 0K [0x00000000c0000000, 0x00000000c5400000, 0x00000000eab00000)
  object space 86016K, 0% used [0x00000000c0000000,0x00000000c0000000,0x00000000c5400000)
 Metaspace       used 5843K, capacity 6770K, committed 7040K, reserved 1056768K
  class space    used 599K, capacity 618K, committed 640K, reserved 1048576K
Event: 2.126 GC heap after
Heap after GC invocations=1 (full 0):
 PSYoungGen      total 37888K, used 5109K [0x00000000eab00000, 0x00000000ed500000, 0x0000000100000000)
  eden space 32768K, 0% used [0x00000000eab00000,0x00000000eab00000,0x00000000ecb00000)
  from space 5120K, 99% used [0x00000000ecb00000,0x00000000ecffd650,0x00000000ed000000)
  to   space 5120K, 0% used [0x00000000ed000000,0x00000000ed000000,0x00000000ed500000)
 ParOldGen       total 86016K, used 1309K [0x00000000c0000000, 0x00000000c5400000, 0x00000000eab00000)
  object space 86016K, 1% used [0x00000000c0000000,0x00000000c0147718,0x00000000c5400000)
 Metaspace       used 5843K, capacity 6770K, committed 7040K, reserved 1056768K
  class space    used 599K, capacity 618K, committed 640K, reserved 1048576K
}

Deoptimization events (8 events):
Event: 1.149 Thread 0x0000000056f4d800 Uncommon trap: reason=unstable_if action=reinterpret pc=0x00000000029c39cc method=java.util.HashMap.getNode(ILjava/lang/Object;)Ljava/util/HashMap$Node; @ 129
Event: 1.316 Thread 0x0000000056f4d800 Uncommon trap: reason=class_check action=maybe_recompile pc=0x0000000002a13bc0 method=com.android.dx.ssa.NormalSsaInsn.accept(Lcom/android/dx/ssa/SsaInsn$Visitor;)V @ 9
Event: 1.316 Thread 0x0000000056f4d800 Uncommon trap: reason=class_check action=maybe_recompile pc=0x00000000029e06a0 method=com.android.dx.ssa.NormalSsaInsn.accept(Lcom/android/dx/ssa/SsaInsn$Visitor;)V @ 9
Event: 1.320 Thread 0x0000000056f4d800 Uncommon trap: reason=class_check action=maybe_recompile pc=0x0000000002a13bc0 method=com.android.dx.ssa.NormalSsaInsn.accept(Lcom/android/dx/ssa/SsaInsn$Visitor;)V @ 9
Event: 1.320 Thread 0x0000000056f4d800 Uncommon trap: reason=class_check action=maybe_recompile pc=0x0000000002a13bc0 method=com.android.dx.ssa.NormalSsaInsn.accept(Lcom/android/dx/ssa/SsaInsn$Visitor;)V @ 9
Event: 1.321 Thread 0x0000000056f4d800 Uncommon trap: reason=class_check action=maybe_recompile pc=0x00000000029e06a0 method=com.android.dx.ssa.NormalSsaInsn.accept(Lcom/android/dx/ssa/SsaInsn$Visitor;)V @ 9
Event: 1.409 Thread 0x000000000216e000 Uncommon trap: reason=null_check action=make_not_entrant pc=0x0000000002a2c058 method=com.android.dx.rop.type.Type.equals(Ljava/lang/Object;)Z @ 8
Event: 1.422 Thread 0x000000000216e000 Uncommon trap: reason=unstable_if action=reinterpret pc=0x00000000029dd8b8 method=java.util.HashMap.getNode(ILjava/lang/Object;)Ljava/util/HashMap$Node; @ 129

Internal exceptions (3 events):
Event: 0.116 Thread 0x000000000216e000 Exception <a 'java/lang/NoSuchMethodError': Method sun.misc.Unsafe.defineClass(Ljava/lang/String;[BII)Ljava/lang/Class; name or signature does not match> (0x00000000eab07cc0) thrown at [C:\re\workspace\8-2-build-windows-amd64-cygwin\jdk8u101\7261\hotspot\s∆è˚‘Ú∂Ω?
Event: 0.116 Thread 0x000000000216e000 Exception <a 'java/lang/NoSuchMethodError': Method sun.misc.Unsafe.prefetchRead(Ljava/lang/Object;J)V name or signature does not match> (0x00000000eab07fa8) thrown at [C:\re\workspace\8-2-build-windows-amd64-cygwin\jdk8u101\7261\hotspot\src\share\vm\prims\GKﬂ*ãˆ?
Event: 1.409 Thread 0x000000000216e000 Implicit null exception at 0x0000000002a2bf52 to 0x0000000002a2c04a

Events (10 events):
Event: 1.343 loading class com/android/dx/cf/code/BytecodeArray$ConstantParserVisitor
Event: 1.343 loading class com/android/dx/cf/code/BytecodeArray$ConstantParserVisitor done
Event: 1.409 Thread 0x000000000216e000 Uncommon trap: trap_request=0xfffffff4 fr.pc=0x0000000002a2c058
Event: 1.409 Thread 0x000000000216e000 DEOPT PACKING pc=0x0000000002a2c058 sp=0x00000000023de3f0
Event: 1.409 Thread 0x000000000216e000 DEOPT UNPACKING pc=0x00000000027e582a sp=0x00000000023de378 mode 2
Event: 1.422 Thread 0x000000000216e000 Uncommon trap: trap_request=0xffffff65 fr.pc=0x00000000029dd8b8
Event: 1.422 Thread 0x000000000216e000 DEOPT PACKING pc=0x00000000029dd8b8 sp=0x00000000023de640
Event: 1.422 Thread 0x000000000216e000 DEOPT UNPACKING pc=0x00000000027e582a sp=0x00000000023de560 mode 2
Event: 1.428 Executing VM operation: ParallelGCFailedAllocation
Event: 2.126 Executing VM operation: ParallelGCFailedAllocation done


Dynamic libraries:
0x000000013ff00000 - 0x000000013ff37000 	C:\Program Files\Java\jdk1.8.0_101\bin\java.exe
0x0000000077540000 - 0x00000000776e9000 	C:\Windows\SYSTEM32\ntdll.dll
0x0000000077320000 - 0x000000007743f000 	C:\Windows\system32\kernel32.dll
0x000007fefd540000 - 0x000007fefd5ab000 	C:\Windows\system32\KERNELBASE.dll
0x000007fefed20000 - 0x000007fefedfb000 	C:\Windows\system32\ADVAPI32.dll
0x000007feff4f0000 - 0x000007feff58f000 	C:\Windows\system32\msvcrt.dll
0x000007feff000000 - 0x000007feff01f000 	C:\Windows\SYSTEM32\sechost.dll
0x000007fefebf0000 - 0x000007fefed1d000 	C:\Windows\system32\RPCRT4.dll
0x0000000077440000 - 0x000000007753a000 	C:\Windows\system32\USER32.dll
0x000007feff590000 - 0x000007feff5f7000 	C:\Windows\system32\GDI32.dll
0x000007feff110000 - 0x000007feff11e000 	C:\Windows\system32\LPK.dll
0x000007feff380000 - 0x000007feff449000 	C:\Windows\system32\USP10.dll
0x000007fefbe40000 - 0x000007fefc034000 	C:\Windows\WinSxS\amd64_microsoft.windows.common-controls_6595b64144ccf1df_6.0.7601.17514_none_fa396087175ac9ac\COMCTL32.dll
0x000007fefee00000 - 0x000007fefee71000 	C:\Windows\system32\SHLWAPI.dll
0x000007feff020000 - 0x000007feff04e000 	C:\Windows\system32\IMM32.DLL
0x000007feff740000 - 0x000007feff849000 	C:\Windows\system32\MSCTF.dll
0x0000000061790000 - 0x0000000061862000 	C:\Program Files\Java\jdk1.8.0_101\jre\bin\msvcr100.dll
0x000000006de30000 - 0x000000006e6ca000 	C:\Program Files\Java\jdk1.8.0_101\jre\bin\server\jvm.dll
0x000007fef8620000 - 0x000007fef8629000 	C:\Windows\system32\WSOCK32.dll
0x000007feff600000 - 0x000007feff64d000 	C:\Windows\system32\WS2_32.dll
0x000007feff6d0000 - 0x000007feff6d8000 	C:\Windows\system32\NSI.dll
0x000007fef9f20000 - 0x000007fef9f5b000 	C:\Windows\system32\WINMM.dll
0x000007fefc5f0000 - 0x000007fefc5fc000 	C:\Windows\system32\VERSION.dll
0x0000000077710000 - 0x0000000077717000 	C:\Windows\system32\PSAPI.DLL
0x00000000711d0000 - 0x00000000711df000 	C:\Program Files\Java\jdk1.8.0_101\jre\bin\verify.dll
0x00000000711a0000 - 0x00000000711c9000 	C:\Program Files\Java\jdk1.8.0_101\jre\bin\java.dll
0x0000000070c50000 - 0x0000000070c66000 	C:\Program Files\Java\jdk1.8.0_101\jre\bin\zip.dll
0x000007fefde60000 - 0x000007fefebe8000 	C:\Windows\system32\SHELL32.dll
0x000007fefdc50000 - 0x000007fefde53000 	C:\Windows\system32\ole32.dll
0x000007fefd490000 - 0x000007fefd49f000 	C:\Windows\system32\profapi.dll

VM Arguments:
jvm_args: -Djava.awt.headless=true -Xmx1024M -Dfile.encoding=windows-1252 -Duser.country=US -Duser.language=en -Duser.variant 
java_command: com.android.dx.command.Main --dex --force-jumbo --num-threads=4 --multi-dex --output D:\MyPC\workplaceproject\Erp\app\build\intermediates\transforms\dex\debug\folders\1000\10\com.mcxiaoke.volley-library-aar-1.0.0_8b33d7b25b2a74e79eec6585d1a2b6020047f66e D:\MyPC\workplaceproject\Erp\app\build\intermediates\exploded-aar\com.mcxiaoke.volley\library-aar\1.0.0\jars\classes.jar
java_class_path (initial): C:\Users\db\AppData\Local\Android\Sdk\build-tools\25.0.2\lib\dx.jar
Launcher Type: SUN_STANDARD

Environment Variables:
PATH=C:\Program Files (x86)\Common Files\Intel\Shared Files\cpp\bin\Intel64;C:\Python27\;C:\Python27\Scripts;C:\ProgramData\Oracle\Java\javapath;c:\OraHome_1\bin;c:\OraHome_1\jre\1.4.2\bin\client;c:\OraHome_1\jre\1.4.2\bin;c:\DevSuiteHome_1\jdk\jre\bin\classic;c:\DevSuiteHome_1\jdk\jre\bin;c:\DevSuiteHome_1\jdk\jre\bin\client;c:\DevSuiteHome_1\jlib;c:\DevSuiteHome_1\bin;c:\DevSuiteHome_1\jre\1.4.2\bin\client;c:\DevSuiteHome_1\jre\1.4.2\bin;C:\Windows\system32;C:\Windows;C:\Windows\System32\Wbem;C:\Windows\System32\WindowsPowerShell\v1.0\;C:\Program Files\Java\jdk1.8.0_101\bin;C:\Program Files (x86)\Skype\Phone\;C:\Program Files\nodejs\;C:\Users\db\AppData\Local\atom\bin;C:\Users\db\AppData\Roaming\npm
USERNAME=db
OS=Windows_NT
PROCESSOR_IDENTIFIER=Intel64 Family 6 Model 60 Stepping 3, GenuineIntel



---------------  S Y S T E M  ---------------

OS: Windows 7 , 64 bit Build 7601 (6.1.7601.17514)

CPU:total 4 (2 cores per cpu, 2 threads per core) family 6 model 60 stepping 3, cmov, cx8, fxsr, mmx, sse, sse2, sse3, ssse3, sse4.1, sse4.2, popcnt, avx, avx2, aes, clmul, erms, lzcnt, ht, tsc, tscinvbit, bmi1, bmi2

Memory: 4k page, physical 8256556k(896704k free), swap 9893108k(5260k free)

vm_info: Java HotSpot(TM) 64-Bit Server VM (25.101-b13) for windows-amd64 JRE (1.8.0_101-b13), built on Jun 22 2016 01:21:29 by "java_re" with MS VC++ 10.0 (VS2010)

time: Fri Jun 02 18:25:36 2017
elapsed time: 2 seconds (0d 0h 0m 2s)

