#
# There is insufficient memory for the Java Runtime Environment to continue.
# Native memory allocation (malloc) failed to allocate 463376 bytes for Chunk::new
# Possible reasons:
#   The system is out of physical RAM or swap space
#   In 32 bit mode, the process size limit was hit
# Possible solutions:
#   Reduce memory load on the system
#   Increase physical memory or swap space
#   Check if swap backing store is full
#   Use 64 bit Java on a 64 bit OS
#   Decrease Java heap size (-Xmx/-Xms)
#   Decrease number of Java threads
#   Decrease Java thread stack sizes (-Xss)
#   Set larger code cache with -XX:ReservedCodeCacheSize=
# This output file may be truncated or incomplete.
#
#  Out of Memory Error (allocation.cpp:390), pid=5588, tid=0x0000000000000ca0
#
# JRE version: Java(TM) SE Runtime Environment (8.0_101-b13) (build 1.8.0_101-b13)
# Java VM: Java HotSpot(TM) 64-Bit Server VM (25.101-b13 mixed mode windows-amd64 compressed oops)
# Failed to write core dump. Minidumps are not enabled by default on client versions of Windows
#

---------------  T H R E A D  ---------------

Current thread (0x00000000550a7800):  JavaThread "C2 CompilerThread1" daemon [_thread_in_native, id=3232, stack(0x0000000056ba0000,0x0000000056ca0000)]

Stack: [0x0000000056ba0000,0x0000000056ca0000]
[error occurred during error reporting (printing stack bounds), id 0xc0000005]

Native frames: (J=compiled Java code, j=interpreted, Vv=VM code, C=native code)


Current CompileTask:
C2:  15714 2124       4       com.android.dx.ssa.LocalVariableExtractor::processBlock (383 bytes)


---------------  P R O C E S S  ---------------

Java Threads: ( => current thread )
  0x0000000057023000 JavaThread "pool-2-thread-4" [_thread_blocked, id=6864, stack(0x0000000057b40000,0x0000000057c40000)]
  0x0000000056f44000 JavaThread "pool-2-thread-3" [_thread_blocked, id=3572, stack(0x0000000057890000,0x0000000057990000)]
  0x0000000056f37800 JavaThread "pool-2-thread-2" [_thread_blocked, id=984, stack(0x0000000057730000,0x0000000057830000)]
  0x0000000056f35800 JavaThread "pool-3-thread-1" [_thread_blocked, id=5160, stack(0x00000000575c0000,0x00000000576c0000)]
  0x0000000056f27000 JavaThread "pool-2-thread-1" [_thread_blocked, id=2604, stack(0x0000000055fc0000,0x00000000560c0000)]
  0x0000000056d27800 JavaThread "Service Thread" daemon [_thread_blocked, id=5864, stack(0x00000000572d0000,0x00000000573d0000)]
  0x0000000056ca0800 JavaThread "C1 CompilerThread2" daemon [_thread_blocked, id=6008, stack(0x0000000057190000,0x0000000057290000)]
=>0x00000000550a7800 JavaThread "C2 CompilerThread1" daemon [_thread_in_native, id=3232, stack(0x0000000056ba0000,0x0000000056ca0000)]
  0x00000000550a0000 JavaThread "C2 CompilerThread0" daemon [_thread_blocked, id=8092, stack(0x0000000056a20000,0x0000000056b20000)]
  0x000000005509d800 JavaThread "Attach Listener" daemon [_thread_blocked, id=5204, stack(0x00000000568a0000,0x00000000569a0000)]
  0x00000000550ac800 JavaThread "Signal Dispatcher" daemon [_thread_blocked, id=6560, stack(0x00000000566e0000,0x00000000567e0000)]
  0x0000000055089000 JavaThread "Finalizer" daemon [_thread_blocked, id=6860, stack(0x0000000056520000,0x0000000056620000)]
  0x0000000055042000 JavaThread "Reference Handler" daemon [_thread_blocked, id=2712, stack(0x0000000056320000,0x0000000056420000)]
  0x00000000022ae000 JavaThread "main" [_thread_blocked, id=7116, stack(0x00000000022c0000,0x00000000023c0000)]

Other Threads:
  0x000000005503a800 VMThread [stack: 0x0000000056140000,0x0000000056240000] [id=7120]
  0x0000000056d34000 WatcherThread [stack: 0x0000000057400000,0x0000000057500000] [id=6920]

VM state:not at safepoint (normal execution)

VM Mutex/Monitor currently owned by a thread: None

Heap:
 PSYoungGen      total 136192K, used 41871K [0x00000000eab00000, 0x00000000f3500000, 0x0000000100000000)
  eden space 131072K, 28% used [0x00000000eab00000,0x00000000eceead60,0x00000000f2b00000)
  from space 5120K, 99% used [0x00000000f3000000,0x00000000f34f8f50,0x00000000f3500000)
  to   space 5120K, 0% used [0x00000000f2b00000,0x00000000f2b00000,0x00000000f3000000)
 ParOldGen       total 86016K, used 23311K [0x00000000c0000000, 0x00000000c5400000, 0x00000000eab00000)
  object space 86016K, 27% used [0x00000000c0000000,0x00000000c16c3cb8,0x00000000c5400000)
 Metaspace       used 6272K, capacity 7160K, committed 7296K, reserved 1056768K
  class space    used 610K, capacity 624K, committed 640K, reserved 1048576K

Card table byte_map: [0x0000000011b10000,0x0000000011d20000] byte_map_base: 0x0000000011510000

Marking Bits: (ParMarkBitMap*) 0x000000006e64a6d0
 Begin Bits: [0x00000000124b0000, 0x00000000134b0000)
 End Bits:   [0x00000000134b0000, 0x00000000144b0000)

Polling page: 0x0000000000130000

CodeCache: size=245760Kb used=9868Kb max_used=9880Kb free=235891Kb
 bounds [0x0000000002750000, 0x0000000003110000, 0x0000000011750000]
 total_blobs=2262 nmethods=1998 adapters=176
 compilation: enabled

Compilation events (10 events):
Event: 15.641 Thread 0x00000000550a0000 2129       4       java.util.TreeMap::successor (66 bytes)
Event: 15.642 Thread 0x00000000550a0000 nmethod 2129 0x00000000030e7350 code [0x00000000030e7480, 0x00000000030e7538]
Event: 15.642 Thread 0x00000000550a0000 2126       4       com.android.dx.rop.code.RegisterSpecSet::equals (106 bytes)
Event: 15.650 Thread 0x00000000550a0000 nmethod 2126 0x00000000030b4950 code [0x00000000030b4aa0, 0x00000000030b4ed8]
Event: 15.650 Thread 0x00000000550a0000 2131       4       com.android.dx.ssa.back.LivenessAnalyzer::constructInterferenceGraph (47 bytes)
Event: 15.678 Thread 0x00000000550a0000 nmethod 2131 0x00000000030b28d0 code [0x00000000030b2ac0, 0x00000000030b3d98]
Event: 15.678 Thread 0x00000000550a0000 2130       4       com.android.dx.ssa.back.InterferenceGraph::<init> (42 bytes)
Event: 15.692 Thread 0x00000000550a0000 nmethod 2130 0x00000000030ebbd0 code [0x00000000030ebd60, 0x00000000030ec938]
Event: 15.692 Thread 0x00000000550a0000 2122       4       com.android.dx.cf.code.ExecutionStack::copy (59 bytes)
Event: 15.696 Thread 0x00000000550a0000 nmethod 2122 0x00000000030eb3d0 code [0x00000000030eb540, 0x00000000030eb998]

GC Heap History (8 events):
Event: 0.837 GC heap before
{Heap before GC invocations=1 (full 0):
 PSYoungGen      total 37888K, used 32768K [0x00000000eab00000, 0x00000000ed500000, 0x0000000100000000)
  eden space 32768K, 100% used [0x00000000eab00000,0x00000000ecb00000,0x00000000ecb00000)
  from space 5120K, 0% used [0x00000000ed000000,0x00000000ed000000,0x00000000ed500000)
  to   space 5120K, 0% used [0x00000000ecb00000,0x00000000ecb00000,0x00000000ed000000)
 ParOldGen       total 86016K, used 0K [0x00000000c0000000, 0x00000000c5400000, 0x00000000eab00000)
  object space 86016K, 0% used [0x00000000c0000000,0x00000000c0000000,0x00000000c5400000)
 Metaspace       used 5909K, capacity 6960K, committed 7040K, reserved 1056768K
  class space    used 585K, capacity 616K, committed 640K, reserved 1048576K
Event: 0.918 GC heap after
Heap after GC invocations=1 (full 0):
 PSYoungGen      total 37888K, used 5088K [0x00000000eab00000, 0x00000000ef500000, 0x0000000100000000)
  eden space 32768K, 0% used [0x00000000eab00000,0x00000000eab00000,0x00000000ecb00000)
  from space 5120K, 99% used [0x00000000ecb00000,0x00000000ecff8088,0x00000000ed000000)
  to   space 5120K, 0% used [0x00000000ef000000,0x00000000ef000000,0x00000000ef500000)
 ParOldGen       total 86016K, used 815K [0x00000000c0000000, 0x00000000c5400000, 0x00000000eab00000)
  object space 86016K, 0% used [0x00000000c0000000,0x00000000c00cbfc0,0x00000000c5400000)
 Metaspace       used 5909K, capacity 6960K, committed 7040K, reserved 1056768K
  class space    used 585K, capacity 616K, committed 640K, reserved 1048576K
}
Event: 2.620 GC heap before
{Heap before GC invocations=2 (full 0):
 PSYoungGen      total 37888K, used 37856K [0x00000000eab00000, 0x00000000ef500000, 0x0000000100000000)
  eden space 32768K, 100% used [0x00000000eab00000,0x00000000ecb00000,0x00000000ecb00000)
  from space 5120K, 99% used [0x00000000ecb00000,0x00000000ecff8088,0x00000000ed000000)
  to   space 5120K, 0% used [0x00000000ef000000,0x00000000ef000000,0x00000000ef500000)
 ParOldGen       total 86016K, used 815K [0x00000000c0000000, 0x00000000c5400000, 0x00000000eab00000)
  object space 86016K, 0% used [0x00000000c0000000,0x00000000c00cbfc0,0x00000000c5400000)
 Metaspace       used 6031K, capacity 7024K, committed 7296K, reserved 1056768K
  class space    used 588K, capacity 616K, committed 640K, reserved 1048576K
Event: 2.669 GC heap after
Heap after GC invocations=2 (full 0):
 PSYoungGen      total 70656K, used 5119K [0x00000000eab00000, 0x00000000ef500000, 0x0000000100000000)
  eden space 65536K, 0% used [0x00000000eab00000,0x00000000eab00000,0x00000000eeb00000)
  from space 5120K, 99% used [0x00000000ef000000,0x00000000ef4fff30,0x00000000ef500000)
  to   space 5120K, 0% used [0x00000000eeb00000,0x00000000eeb00000,0x00000000ef000000)
 ParOldGen       total 86016K, used 4291K [0x00000000c0000000, 0x00000000c5400000, 0x00000000eab00000)
  object space 86016K, 4% used [0x00000000c0000000,0x00000000c0430f20,0x00000000c5400000)
 Metaspace       used 6031K, capacity 7024K, committed 7296K, reserved 1056768K
  class space    used 588K, capacity 616K, committed 640K, reserved 1048576K
}
Event: 3.351 GC heap before
{Heap before GC invocations=3 (full 0):
 PSYoungGen      total 70656K, used 70655K [0x00000000eab00000, 0x00000000ef500000, 0x0000000100000000)
  eden space 65536K, 100% used [0x00000000eab00000,0x00000000eeb00000,0x00000000eeb00000)
  from space 5120K, 99% used [0x00000000ef000000,0x00000000ef4fff30,0x00000000ef500000)
  to   space 5120K, 0% used [0x00000000eeb00000,0x00000000eeb00000,0x00000000ef000000)
 ParOldGen       total 86016K, used 4291K [0x00000000c0000000, 0x00000000c5400000, 0x00000000eab00000)
  object space 86016K, 4% used [0x00000000c0000000,0x00000000c0430f20,0x00000000c5400000)
 Metaspace       used 6220K, capacity 7160K, committed 7296K, reserved 1056768K
  class space    used 609K, capacity 624K, committed 640K, reserved 1048576K
Event: 3.459 GC heap after
Heap after GC invocations=3 (full 0):
 PSYoungGen      total 70656K, used 5114K [0x00000000eab00000, 0x00000000f3500000, 0x0000000100000000)
  eden space 65536K, 0% used [0x00000000eab00000,0x00000000eab00000,0x00000000eeb00000)
  from space 5120K, 99% used [0x00000000eeb00000,0x00000000eeffead8,0x00000000ef000000)
  to   space 5120K, 0% used [0x00000000f3000000,0x00000000f3000000,0x00000000f3500000)
 ParOldGen       total 86016K, used 13390K [0x00000000c0000000, 0x00000000c5400000, 0x00000000eab00000)
  object space 86016K, 15% used [0x00000000c0000000,0x00000000c0d13ba0,0x00000000c5400000)
 Metaspace       used 6220K, capacity 7160K, committed 7296K, reserved 1056768K
  class space    used 609K, capacity 624K, committed 640K, reserved 1048576K
}
Event: 13.100 GC heap before
{Heap before GC invocations=4 (full 0):
 PSYoungGen      total 70656K, used 70650K [0x00000000eab00000, 0x00000000f3500000, 0x0000000100000000)
  eden space 65536K, 100% used [0x00000000eab00000,0x00000000eeb00000,0x00000000eeb00000)
  from space 5120K, 99% used [0x00000000eeb00000,0x00000000eeffead8,0x00000000ef000000)
  to   space 5120K, 0% used [0x00000000f3000000,0x00000000f3000000,0x00000000f3500000)
 ParOldGen       total 86016K, used 13390K [0x00000000c0000000, 0x00000000c5400000, 0x00000000eab00000)
  object space 86016K, 15% used [0x00000000c0000000,0x00000000c0d13ba0,0x00000000c5400000)
 Metaspace       used 6259K, capacity 7160K, committed 7296K, reserved 1056768K
  class space    used 610K, capacity 624K, committed 640K, reserved 1048576K
Event: 13.340 GC heap after
Heap after GC invocations=4 (full 0):
 PSYoungGen      total 136192K, used 5091K [0x00000000eab00000, 0x00000000f3500000, 0x0000000100000000)
  eden space 131072K, 0% used [0x00000000eab00000,0x00000000eab00000,0x00000000f2b00000)
  from space 5120K, 99% used [0x00000000f3000000,0x00000000f34f8f50,0x00000000f3500000)
  to   space 5120K, 0% used [0x00000000f2b00000,0x00000000f2b00000,0x00000000f3000000)
 ParOldGen       total 86016K, used 23311K [0x00000000c0000000, 0x00000000c5400000, 0x00000000eab00000)
  object space 86016K, 27% used [0x00000000c0000000,0x00000000c16c3cb8,0x00000000c5400000)
 Metaspace       used 6259K, capacity 7160K, committed 7296K, reserved 1056768K
  class space    used 610K, capacity 624K, committed 640K, reserved 1048576K
}

Deoptimization events (10 events):
Event: 13.072 Thread 0x0000000057023000 Uncommon trap: reason=bimorphic action=maybe_recompile pc=0x0000000002ea456c method=com.android.dx.cf.code.BytecodeArray.parseInstruction(ILcom/android/dx/cf/code/BytecodeArray$Visitor;)I @ 2484
Event: 14.277 Thread 0x0000000057023000 Uncommon trap: reason=bimorphic action=maybe_recompile pc=0x0000000003045080 method=com.android.dx.cf.code.BytecodeArray.parseInstruction(ILcom/android/dx/cf/code/BytecodeArray$Visitor;)I @ 2281
Event: 14.277 Thread 0x0000000057023000 Uncommon trap: reason=bimorphic action=maybe_recompile pc=0x0000000003045080 method=com.android.dx.cf.code.BytecodeArray.parseInstruction(ILcom/android/dx/cf/code/BytecodeArray$Visitor;)I @ 2281
Event: 14.437 Thread 0x0000000057023000 Uncommon trap: reason=unstable_if action=reinterpret pc=0x0000000002e35808 method=com.android.dx.ssa.LocalVariableExtractor.processBlock(I)V @ 251
Event: 15.064 Thread 0x0000000056f44000 Uncommon trap: reason=unstable_if action=reinterpret pc=0x0000000002eb4d6c method=com.android.dx.rop.code.LocalVariableInfo.mergeStarts(ILcom/android/dx/rop/code/RegisterSpecSet;)Z @ 31
Event: 15.212 Thread 0x0000000056f37800 Uncommon trap: reason=unstable_if action=reinterpret pc=0x0000000003067fa8 method=com.android.dx.cf.code.Merger.mergeLocals(Lcom/android/dx/cf/code/OneLocalsArray;Lcom/android/dx/cf/code/OneLocalsArray;)Lcom/android/dx/cf/code/OneLocalsArray; @ 2
Event: 15.212 Thread 0x0000000056f37800 Uncommon trap: reason=unstable_if action=reinterpret pc=0x0000000002f34548 method=com.android.dx.cf.code.BaseMachine.popArgs(Lcom/android/dx/cf/code/Frame;I)V @ 15
Event: 15.231 Thread 0x0000000056f37800 Uncommon trap: reason=bimorphic action=maybe_recompile pc=0x000000000302d144 method=com.android.dx.cf.code.RopperMachine.run(Lcom/android/dx/cf/code/Frame;II)V @ 310
Event: 15.235 Thread 0x0000000056f37800 Uncommon trap: reason=bimorphic action=maybe_recompile pc=0x000000000302d144 method=com.android.dx.cf.code.RopperMachine.run(Lcom/android/dx/cf/code/Frame;II)V @ 310
Event: 15.235 Thread 0x0000000056f37800 Uncommon trap: reason=bimorphic action=maybe_recompile pc=0x000000000302d144 method=com.android.dx.cf.code.RopperMachine.run(Lcom/android/dx/cf/code/Frame;II)V @ 310

Internal exceptions (8 events):
Event: 0.022 Thread 0x00000000022ae000 Exception <a 'java/lang/NoSuchMethodError': Method sun.misc.Unsafe.defineClass(Ljava/lang/String;[BII)Ljava/lang/Class; name or signature does not match> (0x00000000eab07cc0) thrown at [C:\re\workspace\8-2-build-windows-amd64-cygwin\jdk8u101\7261\hotspot\së‹¶äÜ£–?
Event: 0.022 Thread 0x00000000022ae000 Exception <a 'java/lang/NoSuchMethodError': Method sun.misc.Unsafe.prefetchRead(Ljava/lang/Object;J)V name or signature does not match> (0x00000000eab07fa8) thrown at [C:\re\workspace\8-2-build-windows-amd64-cygwin\jdk8u101\7261\hotspot\src\share\vm\prims\¤Ï¡ÂkÕ?
Event: 0.335 Thread 0x0000000056f37800 Implicit null exception at 0x00000000029d54d2 to 0x00000000029d55d9
Event: 0.659 Thread 0x0000000056f44000 Implicit null exception at 0x0000000002a18ea7 to 0x0000000002a1a621
Event: 0.676 Thread 0x0000000056f44000 Implicit null exception at 0x0000000002a4996c to 0x0000000002a4a7f5
Event: 2.701 Thread 0x0000000056f37800 Exception <a 'java/lang/ArrayIndexOutOfBoundsException': 18> (0x00000000eaf6b340) thrown at [C:\re\workspace\8-2-build-windows-amd64-cygwin\jdk8u101\7261\hotspot\src\share\vm\interpreter\interpreterRuntime.cpp, line 366]
Event: 2.701 Thread 0x0000000056f37800 Exception <a 'java/lang/ArrayIndexOutOfBoundsException': 145> (0x00000000eaf6cec0) thrown at [C:\re\workspace\8-2-build-windows-amd64-cygwin\jdk8u101\7261\hotspot\src\share\vm\interpreter\interpreterRuntime.cpp, line 366]
Event: 2.702 Thread 0x0000000056f37800 Exception <a 'java/lang/ArrayIndexOutOfBoundsException'> (0x00000000eaf6e1a8) thrown at [C:\re\workspace\8-2-build-windows-amd64-cygwin\jdk8u101\7261\hotspot\src\share\vm\runtime\sharedRuntime.cpp, line 605]

Events (10 events):
Event: 15.235 Thread 0x0000000056f37800 Uncommon trap: trap_request=0xffffffc6 fr.pc=0x000000000302d144
Event: 15.235 Thread 0x0000000056f37800 DEOPT PACKING pc=0x000000000302d144 sp=0x000000005782e0c0
Event: 15.235 Thread 0x0000000056f37800 DEOPT UNPACKING pc=0x000000000279582a sp=0x000000005782e060 mode 2
Event: 15.235 Thread 0x0000000056f37800 Uncommon trap: trap_request=0xffffffc6 fr.pc=0x000000000302d144
Event: 15.235 Thread 0x0000000056f37800 DEOPT PACKING pc=0x000000000302d144 sp=0x000000005782e0c0
Event: 15.235 Thread 0x0000000056f37800 DEOPT UNPACKING pc=0x000000000279582a sp=0x000000005782e060 mode 2
Event: 15.242 Thread 0x0000000056f37800 DEOPT PACKING pc=0x0000000002bfaf9d sp=0x000000005782e3d0
Event: 15.242 Thread 0x0000000056f37800 DEOPT UNPACKING pc=0x000000000279787f sp=0x000000005782e210 mode 0
Event: 15.489 Thread 0x0000000056f37800 DEOPT PACKING pc=0x0000000002cea1da sp=0x000000005782e4c0
Event: 15.489 Thread 0x0000000056f37800 DEOPT UNPACKING pc=0x000000000279787f sp=0x000000005782e230 mode 0


Dynamic libraries:
0x000000013ff00000 - 0x000000013ff37000 	C:\Program Files\Java\jdk1.8.0_101\bin\java.exe
0x0000000077540000 - 0x00000000776e9000 	C:\Windows\SYSTEM32\ntdll.dll
0x0000000077320000 - 0x000000007743f000 	C:\Windows\system32\kernel32.dll
0x000007fefd540000 - 0x000007fefd5ab000 	C:\Windows\system32\KERNELBASE.dll
0x000007fefed20000 - 0x000007fefedfb000 	C:\Windows\system32\ADVAPI32.dll
0x000007feff4f0000 - 0x000007feff58f000 	C:\Windows\system32\msvcrt.dll
0x000007feff000000 - 0x000007feff01f000 	C:\Windows\SYSTEM32\sechost.dll
0x000007fefebf0000 - 0x000007fefed1d000 	C:\Windows\system32\RPCRT4.dll
0x0000000077440000 - 0x000000007753a000 	C:\Windows\system32\USER32.dll
0x000007feff590000 - 0x000007feff5f7000 	C:\Windows\system32\GDI32.dll
0x000007feff110000 - 0x000007feff11e000 	C:\Windows\system32\LPK.dll
0x000007feff380000 - 0x000007feff449000 	C:\Windows\system32\USP10.dll
0x000007fefbe40000 - 0x000007fefc034000 	C:\Windows\WinSxS\amd64_microsoft.windows.common-controls_6595b64144ccf1df_6.0.7601.17514_none_fa396087175ac9ac\COMCTL32.dll
0x000007fefee00000 - 0x000007fefee71000 	C:\Windows\system32\SHLWAPI.dll
0x000007feff020000 - 0x000007feff04e000 	C:\Windows\system32\IMM32.DLL
0x000007feff740000 - 0x000007feff849000 	C:\Windows\system32\MSCTF.dll
0x0000000061790000 - 0x0000000061862000 	C:\Program Files\Java\jdk1.8.0_101\jre\bin\msvcr100.dll
0x000000006de30000 - 0x000000006e6ca000 	C:\Program Files\Java\jdk1.8.0_101\jre\bin\server\jvm.dll
0x000007fef8620000 - 0x000007fef8629000 	C:\Windows\system32\WSOCK32.dll
0x000007feff600000 - 0x000007feff64d000 	C:\Windows\system32\WS2_32.dll
0x000007feff6d0000 - 0x000007feff6d8000 	C:\Windows\system32\NSI.dll
0x000007fef9f20000 - 0x000007fef9f5b000 	C:\Windows\system32\WINMM.dll
0x000007fefc5f0000 - 0x000007fefc5fc000 	C:\Windows\system32\VERSION.dll
0x0000000077710000 - 0x0000000077717000 	C:\Windows\system32\PSAPI.DLL
0x00000000711d0000 - 0x00000000711df000 	C:\Program Files\Java\jdk1.8.0_101\jre\bin\verify.dll
0x00000000711a0000 - 0x00000000711c9000 	C:\Program Files\Java\jdk1.8.0_101\jre\bin\java.dll
0x0000000070c50000 - 0x0000000070c66000 	C:\Program Files\Java\jdk1.8.0_101\jre\bin\zip.dll
0x000007fefde60000 - 0x000007fefebe8000 	C:\Windows\system32\SHELL32.dll
0x000007fefdc50000 - 0x000007fefde53000 	C:\Windows\system32\ole32.dll
0x000007fefd490000 - 0x000007fefd49f000 	C:\Windows\system32\profapi.dll

VM Arguments:
jvm_args: -Djava.awt.headless=true -Xmx1024M -Dfile.encoding=windows-1252 -Duser.country=US -Duser.language=en -Duser.variant 
java_command: com.android.dx.command.Main --dex --force-jumbo --num-threads=4 --multi-dex --output D:\MyPC\workplaceproject\Erp\app\build\intermediates\transforms\dex\debug\folders\1000\10\com.android.support-recyclerview-v7-25.3.1_2930678b481e029b31b3ce71d84667ccefee4beb D:\MyPC\workplaceproject\Erp\app\build\intermediates\exploded-aar\com.android.support\recyclerview-v7\25.3.1\jars\classes.jar
java_class_path (initial): C:\Users\db\AppData\Local\Android\Sdk\build-tools\25.0.2\lib\dx.jar
Launcher Type: SUN_STANDARD

Environment Variables:
PATH=C:\Program Files (x86)\Common Files\Intel\Shared Files\cpp\bin\Intel64;C:\Python27\;C:\Python27\Scripts;C:\ProgramData\Oracle\Java\javapath;c:\OraHome_1\bin;c:\OraHome_1\jre\1.4.2\bin\client;c:\OraHome_1\jre\1.4.2\bin;c:\DevSuiteHome_1\jdk\jre\bin\classic;c:\DevSuiteHome_1\jdk\jre\bin;c:\DevSuiteHome_1\jdk\jre\bin\client;c:\DevSuiteHome_1\jlib;c:\DevSuiteHome_1\bin;c:\DevSuiteHome_1\jre\1.4.2\bin\client;c:\DevSuiteHome_1\jre\1.4.2\bin;C:\Windows\system32;C:\Windows;C:\Windows\System32\Wbem;C:\Windows\System32\WindowsPowerShell\v1.0\;C:\Program Files\Java\jdk1.8.0_101\bin;C:\Program Files (x86)\Skype\Phone\;C:\Program Files\nodejs\;C:\Users\db\AppData\Local\atom\bin;C:\Users\db\AppData\Roaming\npm
USERNAME=db
OS=Windows_NT
PROCESSOR_IDENTIFIER=Intel64 Family 6 Model 60 Stepping 3, GenuineIntel



---------------  S Y S T E M  ---------------

OS: Windows 7 , 64 bit Build 7601 (6.1.7601.17514)

CPU:total 4 (2 cores per cpu, 2 threads per core) family 6 model 60 stepping 3, cmov, cx8, fxsr, mmx, sse, sse2, sse3, ssse3, sse4.1, sse4.2, popcnt, avx, avx2, aes, clmul, erms, lzcnt, ht, tsc, tscinvbit, bmi1, bmi2

Memory: 4k page, physical 8256556k(922220k free), swap 9893108k(5288k free)

vm_info: Java HotSpot(TM) 64-Bit Server VM (25.101-b13) for windows-amd64 JRE (1.8.0_101-b13), built on Jun 22 2016 01:21:29 by "java_re" with MS VC++ 10.0 (VS2010)

time: Fri Jun 02 18:25:53 2017
elapsed time: 15 seconds (0d 0h 0m 15s)

