#
# There is insufficient memory for the Java Runtime Environment to continue.
# Native memory allocation (malloc) failed to allocate 931056 bytes for Chunk::new
# Possible reasons:
#   The system is out of physical RAM or swap space
#   In 32 bit mode, the process size limit was hit
# Possible solutions:
#   Reduce memory load on the system
#   Increase physical memory or swap space
#   Check if swap backing store is full
#   Use 64 bit Java on a 64 bit OS
#   Decrease Java heap size (-Xmx/-Xms)
#   Decrease number of Java threads
#   Decrease Java thread stack sizes (-Xss)
#   Set larger code cache with -XX:ReservedCodeCacheSize=
# This output file may be truncated or incomplete.
#
#  Out of Memory Error (allocation.cpp:390), pid=3952, tid=0x00000000000019c8
#
# JRE version: Java(TM) SE Runtime Environment (8.0_101-b13) (build 1.8.0_101-b13)
# Java VM: Java HotSpot(TM) 64-Bit Server VM (25.101-b13 mixed mode windows-amd64 compressed oops)
# Failed to write core dump. Minidumps are not enabled by default on client versions of Windows
#

---------------  T H R E A D  ---------------

Current thread (0x0000000055311000):  JavaThread "C2 CompilerThread0" daemon [_thread_in_native, id=6600, stack(0x0000000056940000,0x0000000056a40000)]

Stack: [0x0000000056940000,0x0000000056a40000]
[error occurred during error reporting (printing stack bounds), id 0xc0000005]

Native frames: (J=compiled Java code, j=interpreted, Vv=VM code, C=native code)


Current CompileTask:
C2:   6816 1553   !   4       com.android.dx.cf.code.RopperMachine::run (1550 bytes)


---------------  P R O C E S S  ---------------

Java Threads: ( => current thread )
  0x0000000056eb1000 JavaThread "pool-2-thread-4" [_thread_blocked, id=7556, stack(0x00000000577c0000,0x00000000578c0000)]
  0x0000000056eae000 JavaThread "pool-2-thread-3" [_thread_blocked, id=5696, stack(0x00000000576c0000,0x00000000577c0000)]
  0x0000000056ead800 JavaThread "pool-2-thread-2" [_thread_blocked, id=5116, stack(0x0000000057100000,0x0000000057200000)]
  0x0000000056ede800 JavaThread "pool-3-thread-1" [_thread_blocked, id=8340, stack(0x00000000574e0000,0x00000000575e0000)]
  0x0000000056edc800 JavaThread "pool-2-thread-1" [_thread_blocked, id=9032, stack(0x0000000057300000,0x0000000057400000)]
  0x0000000056bc8800 JavaThread "Service Thread" daemon [_thread_blocked, id=7800, stack(0x0000000056fc0000,0x00000000570c0000)]
  0x0000000055315800 JavaThread "C1 CompilerThread2" daemon [_thread_blocked, id=348, stack(0x0000000056a60000,0x0000000056b60000)]
  0x0000000055314800 JavaThread "C2 CompilerThread1" daemon [_thread_blocked, id=9152, stack(0x0000000056830000,0x0000000056930000)]
=>0x0000000055311000 JavaThread "C2 CompilerThread0" daemon [_thread_in_native, id=6600, stack(0x0000000056940000,0x0000000056a40000)]
  0x000000005531e000 JavaThread "Attach Listener" daemon [_thread_blocked, id=8276, stack(0x0000000056660000,0x0000000056760000)]
  0x000000005531d000 JavaThread "Signal Dispatcher" daemon [_thread_blocked, id=9108, stack(0x0000000056150000,0x0000000056250000)]
  0x00000000552f9800 JavaThread "Finalizer" daemon [_thread_blocked, id=8872, stack(0x0000000056470000,0x0000000056570000)]
  0x00000000552b2000 JavaThread "Reference Handler" daemon [_thread_blocked, id=8628, stack(0x0000000056360000,0x0000000056460000)]
  0x00000000023ee000 JavaThread "main" [_thread_blocked, id=3560, stack(0x0000000002670000,0x0000000002770000)]

Other Threads:
  0x00000000552aa800 VMThread [stack: 0x0000000056260000,0x0000000056360000] [id=8444]
  0x0000000056b66800 WatcherThread [stack: 0x0000000057200000,0x0000000057300000] [id=2248]

VM state:not at safepoint (normal execution)

VM Mutex/Monitor currently owned by a thread: None

Heap:
 PSYoungGen      total 37888K, used 34399K [0x00000000eab00000, 0x00000000ef500000, 0x0000000100000000)
  eden space 32768K, 89% used [0x00000000eab00000,0x00000000ec79d300,0x00000000ecb00000)
  from space 5120K, 99% used [0x00000000ecb00000,0x00000000ecffabe8,0x00000000ed000000)
  to   space 5120K, 0% used [0x00000000ef000000,0x00000000ef000000,0x00000000ef500000)
 ParOldGen       total 86016K, used 1007K [0x00000000c0000000, 0x00000000c5400000, 0x00000000eab00000)
  object space 86016K, 1% used [0x00000000c0000000,0x00000000c00fbed8,0x00000000c5400000)
 Metaspace       used 6160K, capacity 7090K, committed 7296K, reserved 1056768K
  class space    used 601K, capacity 618K, committed 640K, reserved 1048576K

Card table byte_map: [0x0000000011e00000,0x0000000012010000] byte_map_base: 0x0000000011800000

Marking Bits: (ParMarkBitMap*) 0x00000000642ca6d0
 Begin Bits: [0x0000000012720000, 0x0000000013720000)
 End Bits:   [0x0000000013720000, 0x0000000014720000)

Polling page: 0x0000000000140000

CodeCache: size=245760Kb used=6604Kb max_used=6621Kb free=239155Kb
 bounds [0x0000000002a40000, 0x00000000030d0000, 0x0000000011a40000]
 total_blobs=1839 nmethods=1569 adapters=182
 compilation: disabled (not enough contiguous free space left)

Compilation events (10 events):
Event: 6.719 Thread 0x0000000055314800 1561       4       com.android.dx.ssa.SsaBasicBlock::scheduleMovesFromPhis (108 bytes)
Event: 6.722 Thread 0x0000000055314800 nmethod 1561 0x00000000030b3950 code [0x00000000030b3aa0, 0x00000000030b3cc8]
Event: 6.722 Thread 0x0000000055314800 1560       4       com.android.dx.cf.code.ExecutionStack::peek (42 bytes)
Event: 6.723 Thread 0x0000000055314800 nmethod 1560 0x00000000030aabd0 code [0x00000000030aad20, 0x00000000030aadd8]
Event: 6.723 Thread 0x0000000055314800 1570       4       com.android.dx.ssa.MoveParamCombiner$1::visitNonMoveInsn (213 bytes)
Event: 6.776 Thread 0x0000000055314800 nmethod 1570 0x00000000030bb990 code [0x00000000030bbc80, 0x00000000030bd620]
Event: 6.786 Thread 0x0000000055315800 1576       3       com.android.dx.cf.code.Ropper::addSetupBlocks (535 bytes)
Event: 6.786 Thread 0x0000000055314800 1574       4       com.android.dx.ssa.SsaBasicBlock::getRopLabelSuccessorList (57 bytes)
Event: 6.794 Thread 0x0000000055315800 

Event: 6.794 Thread 0x0000000055314800 


GC Heap History (2 events):
Event: 3.975 GC heap before
{Heap before GC invocations=1 (full 0):
 PSYoungGen      total 37888K, used 32768K [0x00000000eab00000, 0x00000000ed500000, 0x0000000100000000)
  eden space 32768K, 100% used [0x00000000eab00000,0x00000000ecb00000,0x00000000ecb00000)
  from space 5120K, 0% used [0x00000000ed000000,0x00000000ed000000,0x00000000ed500000)
  to   space 5120K, 0% used [0x00000000ecb00000,0x00000000ecb00000,0x00000000ed000000)
 ParOldGen       total 86016K, used 0K [0x00000000c0000000, 0x00000000c5400000, 0x00000000eab00000)
  object space 86016K, 0% used [0x00000000c0000000,0x00000000c0000000,0x00000000c5400000)
 Metaspace       used 5984K, capacity 6898K, committed 7040K, reserved 1056768K
  class space    used 601K, capacity 618K, committed 640K, reserved 1048576K
Event: 4.595 GC heap after
Heap after GC invocations=1 (full 0):
 PSYoungGen      total 37888K, used 5098K [0x00000000eab00000, 0x00000000ef500000, 0x0000000100000000)
  eden space 32768K, 0% used [0x00000000eab00000,0x00000000eab00000,0x00000000ecb00000)
  from space 5120K, 99% used [0x00000000ecb00000,0x00000000ecffabe8,0x00000000ed000000)
  to   space 5120K, 0% used [0x00000000ef000000,0x00000000ef000000,0x00000000ef500000)
 ParOldGen       total 86016K, used 1007K [0x00000000c0000000, 0x00000000c5400000, 0x00000000eab00000)
  object space 86016K, 1% used [0x00000000c0000000,0x00000000c00fbed8,0x00000000c5400000)
 Metaspace       used 5984K, capacity 6898K, committed 7040K, reserved 1056768K
  class space    used 601K, capacity 618K, committed 640K, reserved 1048576K
}

Deoptimization events (10 events):
Event: 6.142 Thread 0x0000000056eae000 Uncommon trap: reason=class_check action=maybe_recompile pc=0x0000000002f7b070 method=java.util.HashMap.putVal(ILjava/lang/Object;Ljava/lang/Object;ZZ)Ljava/lang/Object; @ 91
Event: 6.142 Thread 0x0000000056eae000 Uncommon trap: reason=class_check action=maybe_recompile pc=0x0000000002f7b070 method=java.util.HashMap.putVal(ILjava/lang/Object;Ljava/lang/Object;ZZ)Ljava/lang/Object; @ 91
Event: 6.142 Thread 0x0000000056eae000 Uncommon trap: reason=class_check action=maybe_recompile pc=0x0000000002f7b070 method=java.util.HashMap.putVal(ILjava/lang/Object;Ljava/lang/Object;ZZ)Ljava/lang/Object; @ 91
Event: 6.144 Thread 0x0000000056eae000 Uncommon trap: reason=class_check action=maybe_recompile pc=0x0000000002f7b070 method=java.util.HashMap.putVal(ILjava/lang/Object;Ljava/lang/Object;ZZ)Ljava/lang/Object; @ 91
Event: 6.146 Thread 0x0000000056eae000 Uncommon trap: reason=unstable_if action=reinterpret pc=0x0000000002e2142c method=com.android.dx.util.IntList.binarysearch(I)I @ 105
Event: 6.154 Thread 0x0000000056eae000 Uncommon trap: reason=bimorphic action=maybe_recompile pc=0x0000000002de2720 method=java.util.HashMap.getNode(ILjava/lang/Object;)Ljava/util/HashMap$Node; @ 126
Event: 6.161 Thread 0x0000000056eae000 Uncommon trap: reason=unstable_if action=reinterpret pc=0x0000000002f290b0 method=com.android.dx.ssa.MoveParamCombiner$1.visitNonMoveInsn(Lcom/android/dx/ssa/NormalSsaInsn;)V @ 27
Event: 6.589 Thread 0x0000000056eae000 Uncommon trap: reason=unstable_if action=reinterpret pc=0x0000000003083138 method=com.android.dx.rop.code.RegisterSpec.intersect(Lcom/android/dx/rop/code/RegisterSpec;Z)Lcom/android/dx/rop/code/RegisterSpec; @ 8
Event: 6.660 Thread 0x0000000056eb1000 Uncommon trap: reason=unstable_if action=reinterpret pc=0x0000000002ecd278 method=com.android.dx.ssa.SCCP.simulateStmt(Lcom/android/dx/ssa/SsaInsn;)V @ 59
Event: 6.696 Thread 0x0000000056eb1000 Uncommon trap: reason=unstable_if action=reinterpret pc=0x0000000002fbb0cc method=com.android.dx.rop.code.RegisterSpec.equals(ILcom/android/dx/rop/type/TypeBearer;Lcom/android/dx/rop/code/LocalItem;)Z @ 42

Internal exceptions (3 events):
Event: 0.216 Thread 0x00000000023ee000 Exception <a 'java/lang/NoSuchMethodError': Method sun.misc.Unsafe.defineClass(Ljava/lang/String;[BII)Ljava/lang/Class; name or signature does not match> (0x00000000eab07cc0) thrown at [C:\re\workspace\8-2-build-windows-amd64-cygwin\jdk8u101\7261\hotspot\syÁÉz×³Ë?
Event: 0.216 Thread 0x00000000023ee000 Exception <a 'java/lang/NoSuchMethodError': Method sun.misc.Unsafe.prefetchRead(Ljava/lang/Object;J)V name or signature does not match> (0x00000000eab07fa8) thrown at [C:\re\workspace\8-2-build-windows-amd64-cygwin\jdk8u101\7261\hotspot\src\share\vm\prims\Nj+¨¶@
Event: 3.839 Thread 0x0000000056eb1000 Implicit null exception at 0x0000000002d1bebc to 0x0000000002d1d5d1

Events (10 events):
Event: 6.161 Thread 0x0000000056eae000 DEOPT UNPACKING pc=0x0000000002a8582a sp=0x00000000577be848 mode 2
Event: 6.589 Thread 0x0000000056eae000 Uncommon trap: trap_request=0xffffff65 fr.pc=0x0000000003083138
Event: 6.589 Thread 0x0000000056eae000 DEOPT PACKING pc=0x0000000003083138 sp=0x00000000577be920
Event: 6.589 Thread 0x0000000056eae000 DEOPT UNPACKING pc=0x0000000002a8582a sp=0x00000000577be758 mode 2
Event: 6.660 Thread 0x0000000056eb1000 Uncommon trap: trap_request=0xffffff65 fr.pc=0x0000000002ecd278
Event: 6.660 Thread 0x0000000056eb1000 DEOPT PACKING pc=0x0000000002ecd278 sp=0x00000000578beae0
Event: 6.660 Thread 0x0000000056eb1000 DEOPT UNPACKING pc=0x0000000002a8582a sp=0x00000000578beac8 mode 2
Event: 6.696 Thread 0x0000000056eb1000 Uncommon trap: trap_request=0xffffff65 fr.pc=0x0000000002fbb0cc
Event: 6.696 Thread 0x0000000056eb1000 DEOPT PACKING pc=0x0000000002fbb0cc sp=0x00000000578beaf0
Event: 6.696 Thread 0x0000000056eb1000 DEOPT UNPACKING pc=0x0000000002a8582a sp=0x00000000578bea10 mode 2


Dynamic libraries:
0x000000013f420000 - 0x000000013f457000 	C:\Program Files\Java\jdk1.8.0_101\bin\java.exe
0x0000000077b20000 - 0x0000000077cc9000 	C:\Windows\SYSTEM32\ntdll.dll
0x0000000077900000 - 0x0000000077a1f000 	C:\Windows\system32\kernel32.dll
0x000007fefdd30000 - 0x000007fefdd9b000 	C:\Windows\system32\KERNELBASE.dll
0x000007fefe540000 - 0x000007fefe61b000 	C:\Windows\system32\ADVAPI32.dll
0x000007fefde40000 - 0x000007fefdedf000 	C:\Windows\system32\msvcrt.dll
0x000007feffd60000 - 0x000007feffd7f000 	C:\Windows\SYSTEM32\sechost.dll
0x000007feffc30000 - 0x000007feffd5d000 	C:\Windows\system32\RPCRT4.dll
0x0000000077a20000 - 0x0000000077b1a000 	C:\Windows\system32\USER32.dll
0x000007fefe7a0000 - 0x000007fefe807000 	C:\Windows\system32\GDI32.dll
0x000007feff8e0000 - 0x000007feff8ee000 	C:\Windows\system32\LPK.dll
0x000007fefe0c0000 - 0x000007fefe189000 	C:\Windows\system32\USP10.dll
0x000007fefc420000 - 0x000007fefc614000 	C:\Windows\WinSxS\amd64_microsoft.windows.common-controls_6595b64144ccf1df_6.0.7601.17514_none_fa396087175ac9ac\COMCTL32.dll
0x000007feffb30000 - 0x000007feffba1000 	C:\Windows\system32\SHLWAPI.dll
0x000007fefe470000 - 0x000007fefe49e000 	C:\Windows\system32\IMM32.DLL
0x000007feff8f0000 - 0x000007feff9f9000 	C:\Windows\system32\MSCTF.dll
0x0000000065840000 - 0x0000000065912000 	C:\Program Files\Java\jdk1.8.0_101\jre\bin\msvcr100.dll
0x0000000063ab0000 - 0x000000006434a000 	C:\Program Files\Java\jdk1.8.0_101\jre\bin\server\jvm.dll
0x000007fef8c00000 - 0x000007fef8c09000 	C:\Windows\system32\WSOCK32.dll
0x000007fefe3c0000 - 0x000007fefe40d000 	C:\Windows\system32\WS2_32.dll
0x000007feffd80000 - 0x000007feffd88000 	C:\Windows\system32\NSI.dll
0x000007fefb2b0000 - 0x000007fefb2eb000 	C:\Windows\system32\WINMM.dll
0x000007fefcbd0000 - 0x000007fefcbdc000 	C:\Windows\system32\VERSION.dll
0x0000000077ce0000 - 0x0000000077ce7000 	C:\Windows\system32\PSAPI.DLL
0x0000000075450000 - 0x000000007545f000 	C:\Program Files\Java\jdk1.8.0_101\jre\bin\verify.dll
0x0000000075420000 - 0x0000000075449000 	C:\Program Files\Java\jdk1.8.0_101\jre\bin\java.dll
0x0000000075400000 - 0x0000000075416000 	C:\Program Files\Java\jdk1.8.0_101\jre\bin\zip.dll
0x000007fefeb50000 - 0x000007feff8d8000 	C:\Windows\system32\SHELL32.dll
0x000007fefe190000 - 0x000007fefe393000 	C:\Windows\system32\ole32.dll
0x000007fefda70000 - 0x000007fefda7f000 	C:\Windows\system32\profapi.dll

VM Arguments:
jvm_args: -Djava.awt.headless=true -Xmx1024M -Dfile.encoding=windows-1252 -Duser.country=US -Duser.language=en -Duser.variant 
java_command: com.android.dx.command.Main --dex --force-jumbo --num-threads=4 --multi-dex --output D:\MyPC\workplaceproject\Erp\app\build\intermediates\transforms\dex\debug\folders\1000\10\glide-3.7.0_18ac51a9afa1decf41254561d729b7f1aa2a8f8f C:\Users\db\.gradle\caches\modules-2\files-2.1\com.github.bumptech.glide\glide\3.7.0\9e9eeaf9948ee4d6c3ab354e8dc14368f16994a4\glide-3.7.0.jar
java_class_path (initial): C:\Users\db\AppData\Local\Android\Sdk\build-tools\25.0.2\lib\dx.jar
Launcher Type: SUN_STANDARD

Environment Variables:
PATH=C:\Program Files (x86)\Common Files\Intel\Shared Files\cpp\bin\Intel64;C:\Python27\;C:\Python27\Scripts;C:\ProgramData\Oracle\Java\javapath;c:\OraHome_1\bin;c:\OraHome_1\jre\1.4.2\bin\client;c:\OraHome_1\jre\1.4.2\bin;c:\DevSuiteHome_1\jdk\jre\bin\classic;c:\DevSuiteHome_1\jdk\jre\bin;c:\DevSuiteHome_1\jdk\jre\bin\client;c:\DevSuiteHome_1\jlib;c:\DevSuiteHome_1\bin;c:\DevSuiteHome_1\jre\1.4.2\bin\client;c:\DevSuiteHome_1\jre\1.4.2\bin;C:\Windows\system32;C:\Windows;C:\Windows\System32\Wbem;C:\Windows\System32\WindowsPowerShell\v1.0\;C:\Program Files\Java\jdk1.8.0_101\bin;C:\Program Files (x86)\Skype\Phone\;C:\Program Files\nodejs\;C:\Users\db\AppData\Local\atom\bin;C:\Users\db\AppData\Roaming\npm
USERNAME=db
OS=Windows_NT
PROCESSOR_IDENTIFIER=Intel64 Family 6 Model 60 Stepping 3, GenuineIntel



---------------  S Y S T E M  ---------------

OS: Windows 7 , 64 bit Build 7601 (6.1.7601.17514)

CPU:total 4 (2 cores per cpu, 2 threads per core) family 6 model 60 stepping 3, cmov, cx8, fxsr, mmx, sse, sse2, sse3, ssse3, sse4.1, sse4.2, popcnt, avx, avx2, aes, clmul, erms, lzcnt, ht, tsc, tscinvbit, bmi1, bmi2

Memory: 4k page, physical 8256556k(1410380k free), swap 9893108k(5092k free)

vm_info: Java HotSpot(TM) 64-Bit Server VM (25.101-b13) for windows-amd64 JRE (1.8.0_101-b13), built on Jun 22 2016 01:21:29 by "java_re" with MS VC++ 10.0 (VS2010)

time: Mon May 29 17:57:37 2017
elapsed time: 6 seconds (0d 0h 0m 6s)

