#
# There is insufficient memory for the Java Runtime Environment to continue.
# Native memory allocation (malloc) failed to allocate 59760 bytes for Chunk::new
# Possible reasons:
#   The system is out of physical RAM or swap space
#   In 32 bit mode, the process size limit was hit
# Possible solutions:
#   Reduce memory load on the system
#   Increase physical memory or swap space
#   Check if swap backing store is full
#   Use 64 bit Java on a 64 bit OS
#   Decrease Java heap size (-Xmx/-Xms)
#   Decrease number of Java threads
#   Decrease Java thread stack sizes (-Xss)
#   Set larger code cache with -XX:ReservedCodeCacheSize=
# This output file may be truncated or incomplete.
#
#  Out of Memory Error (allocation.cpp:390), pid=6692, tid=0x0000000000000f10
#
# JRE version: Java(TM) SE Runtime Environment (8.0_101-b13) (build 1.8.0_101-b13)
# Java VM: Java HotSpot(TM) 64-Bit Server VM (25.101-b13 mixed mode windows-amd64 compressed oops)
# Failed to write core dump. Minidumps are not enabled by default on client versions of Windows
#

---------------  T H R E A D  ---------------

Current thread (0x0000000055145000):  JavaThread "C2 CompilerThread0" daemon [_thread_in_native, id=3856, stack(0x0000000056930000,0x0000000056a30000)]

Stack: [0x0000000056930000,0x0000000056a30000]
[error occurred during error reporting (printing stack bounds), id 0xc0000005]

Native frames: (J=compiled Java code, j=interpreted, Vv=VM code, C=native code)


Current CompileTask:
C2:   5163 1394       4       com.android.dx.ssa.SsaRenamer$BlockRenamer::process (191 bytes)


---------------  P R O C E S S  ---------------

Java Threads: ( => current thread )
  0x0000000056f61800 JavaThread "pool-2-thread-4" [_thread_blocked, id=8756, stack(0x0000000057b90000,0x0000000057c90000)]
  0x0000000056f4c000 JavaThread "pool-2-thread-3" [_thread_blocked, id=5716, stack(0x0000000057a10000,0x0000000057b10000)]
  0x0000000056e07800 JavaThread "pool-2-thread-2" [_thread_blocked, id=392, stack(0x0000000057830000,0x0000000057930000)]
  0x0000000056e04800 JavaThread "pool-3-thread-1" [_thread_blocked, id=9188, stack(0x0000000057650000,0x0000000057750000)]
  0x0000000056d8c000 JavaThread "pool-2-thread-1" [_thread_blocked, id=8216, stack(0x00000000574a0000,0x00000000575a0000)]
  0x0000000056c18800 JavaThread "Service Thread" daemon [_thread_blocked, id=4928, stack(0x0000000057190000,0x0000000057290000)]
  0x000000005514c000 JavaThread "C1 CompilerThread2" daemon [_thread_blocked, id=6152, stack(0x0000000056b10000,0x0000000056c10000)]
  0x000000005514b000 JavaThread "C2 CompilerThread1" daemon [_thread_blocked, id=8556, stack(0x0000000056650000,0x0000000056750000)]
=>0x0000000055145000 JavaThread "C2 CompilerThread0" daemon [_thread_in_native, id=3856, stack(0x0000000056930000,0x0000000056a30000)]
  0x0000000055141000 JavaThread "Attach Listener" daemon [_thread_blocked, id=8600, stack(0x00000000567c0000,0x00000000568c0000)]
  0x0000000055140000 JavaThread "Signal Dispatcher" daemon [_thread_blocked, id=2956, stack(0x00000000564f0000,0x00000000565f0000)]
  0x0000000055123800 JavaThread "Finalizer" daemon [_thread_blocked, id=8964, stack(0x00000000561a0000,0x00000000562a0000)]
  0x00000000550e2000 JavaThread "Reference Handler" daemon [_thread_blocked, id=8608, stack(0x00000000563f0000,0x00000000564f0000)]
  0x00000000002ae000 JavaThread "main" [_thread_blocked, id=8500, stack(0x0000000002610000,0x0000000002710000)]

Other Threads:
  0x00000000550da800 VMThread [stack: 0x00000000562c0000,0x00000000563c0000] [id=6616]
  0x0000000056c86000 WatcherThread [stack: 0x0000000057340000,0x0000000057440000] [id=3732]

VM state:not at safepoint (normal execution)

VM Mutex/Monitor currently owned by a thread: None

Heap:
 PSYoungGen      total 37888K, used 8756K [0x00000000eab00000, 0x00000000ef500000, 0x0000000100000000)
  eden space 32768K, 11% used [0x00000000eab00000,0x00000000eae8d608,0x00000000ecb00000)
  from space 5120K, 99% used [0x00000000ecb00000,0x00000000ecfffb20,0x00000000ed000000)
  to   space 5120K, 0% used [0x00000000ef000000,0x00000000ef000000,0x00000000ef500000)
 ParOldGen       total 86016K, used 848K [0x00000000c0000000, 0x00000000c5400000, 0x00000000eab00000)
  object space 86016K, 0% used [0x00000000c0000000,0x00000000c00d42f0,0x00000000c5400000)
 Metaspace       used 5908K, capacity 6960K, committed 7040K, reserved 1056768K
  class space    used 588K, capacity 616K, committed 640K, reserved 1048576K

Card table byte_map: [0x0000000011da0000,0x0000000011fb0000] byte_map_base: 0x00000000117a0000

Marking Bits: (ParMarkBitMap*) 0x00000000642ca6d0
 Begin Bits: [0x0000000012550000, 0x0000000013550000)
 End Bits:   [0x0000000013550000, 0x0000000014550000)

Polling page: 0x0000000000230000

CodeCache: size=245760Kb used=5624Kb max_used=5634Kb free=240136Kb
 bounds [0x00000000029e0000, 0x0000000002f70000, 0x00000000119e0000]
 total_blobs=1660 nmethods=1397 adapters=176
 compilation: enabled

Compilation events (10 events):
Event: 5.091 Thread 0x000000005514b000 1395       4       com.android.dx.ssa.SsaMethod$2::addToUses (48 bytes)
Event: 5.105 Thread 0x000000005514b000 nmethod 1395 0x0000000002f5b9d0 code [0x0000000002f5bb80, 0x0000000002f5c598]
Event: 5.106 Thread 0x000000005514b000 1396       4       com.android.dx.rop.code.RegisterSpecSet::mutableCopy (57 bytes)
Event: 5.113 Thread 0x000000005514b000 nmethod 1396 0x0000000002f59810 code [0x0000000002f599a0, 0x0000000002f59ef8]
Event: 5.113 Thread 0x000000005514c000 1397       3       com.android.dx.rop.cst.TypedConstant::getFrameType (2 bytes)
Event: 5.113 Thread 0x000000005514c000 nmethod 1397 0x0000000002f5b690 code [0x0000000002f5b7e0, 0x0000000002f5b930]
Event: 5.114 Thread 0x000000005514b000 1398       4       com.android.dx.rop.code.ThrowingCstInsn::withNewRegisters (25 bytes)
Event: 5.116 Thread 0x000000005514b000 nmethod 1398 0x0000000002f5f290 code [0x0000000002f5f3e0, 0x0000000002f5f5f8]
Event: 5.122 Thread 0x000000005514c000 1399       3       com.android.dx.rop.type.Type::isReference (15 bytes)
Event: 5.122 Thread 0x000000005514c000 nmethod 1399 0x0000000002f5b310 code [0x0000000002f5b460, 0x0000000002f5b610]

GC Heap History (2 events):
Event: 4.863 GC heap before
{Heap before GC invocations=1 (full 0):
 PSYoungGen      total 37888K, used 32768K [0x00000000eab00000, 0x00000000ed500000, 0x0000000100000000)
  eden space 32768K, 100% used [0x00000000eab00000,0x00000000ecb00000,0x00000000ecb00000)
  from space 5120K, 0% used [0x00000000ed000000,0x00000000ed000000,0x00000000ed500000)
  to   space 5120K, 0% used [0x00000000ecb00000,0x00000000ecb00000,0x00000000ed000000)
 ParOldGen       total 86016K, used 0K [0x00000000c0000000, 0x00000000c5400000, 0x00000000eab00000)
  object space 86016K, 0% used [0x00000000c0000000,0x00000000c0000000,0x00000000c5400000)
 Metaspace       used 5899K, capacity 6960K, committed 7040K, reserved 1056768K
  class space    used 588K, capacity 616K, committed 640K, reserved 1048576K
Event: 4.988 GC heap after
Heap after GC invocations=1 (full 0):
 PSYoungGen      total 37888K, used 5118K [0x00000000eab00000, 0x00000000ef500000, 0x0000000100000000)
  eden space 32768K, 0% used [0x00000000eab00000,0x00000000eab00000,0x00000000ecb00000)
  from space 5120K, 99% used [0x00000000ecb00000,0x00000000ecfffb20,0x00000000ed000000)
  to   space 5120K, 0% used [0x00000000ef000000,0x00000000ef000000,0x00000000ef500000)
 ParOldGen       total 86016K, used 848K [0x00000000c0000000, 0x00000000c5400000, 0x00000000eab00000)
  object space 86016K, 0% used [0x00000000c0000000,0x00000000c00d42f0,0x00000000c5400000)
 Metaspace       used 5899K, capacity 6960K, committed 7040K, reserved 1056768K
  class space    used 588K, capacity 616K, committed 640K, reserved 1048576K
}

Deoptimization events (10 events):
Event: 3.587 Thread 0x0000000056f4c000 Uncommon trap: reason=class_check action=maybe_recompile pc=0x0000000002d3a6b4 method=com.android.dx.rop.type.Type.equals(Ljava/lang/Object;)Z @ 8
Event: 3.682 Thread 0x0000000056f4c000 Uncommon trap: reason=class_check action=maybe_recompile pc=0x0000000002d3a6b4 method=com.android.dx.rop.type.Type.equals(Ljava/lang/Object;)Z @ 8
Event: 3.683 Thread 0x0000000056f4c000 Uncommon trap: reason=class_check action=maybe_recompile pc=0x0000000002d2185c method=com.android.dx.rop.type.Type.equals(Ljava/lang/Object;)Z @ 8
Event: 3.683 Thread 0x0000000056f4c000 Uncommon trap: reason=class_check action=maybe_recompile pc=0x0000000002d2185c method=com.android.dx.rop.type.Type.equals(Ljava/lang/Object;)Z @ 8
Event: 3.688 Thread 0x0000000056f4c000 Uncommon trap: reason=class_check action=maybe_recompile pc=0x0000000002d3a6b4 method=com.android.dx.rop.type.Type.equals(Ljava/lang/Object;)Z @ 8
Event: 3.688 Thread 0x0000000056f4c000 Uncommon trap: reason=class_check action=maybe_recompile pc=0x0000000002d32720 method=com.android.dx.rop.type.Type.equals(Ljava/lang/Object;)Z @ 8
Event: 3.701 Thread 0x0000000056f4c000 Uncommon trap: reason=class_check action=maybe_recompile pc=0x0000000002ccfe2c method=com.android.dx.rop.type.Type.equals(Ljava/lang/Object;)Z @ 8
Event: 3.701 Thread 0x0000000056f4c000 Uncommon trap: reason=class_check action=maybe_recompile pc=0x0000000002c29874 method=com.android.dx.rop.type.Type.equals(Ljava/lang/Object;)Z @ 8
Event: 3.972 Thread 0x0000000056d8c000 Uncommon trap: reason=unstable_if action=reinterpret pc=0x0000000002c1815c method=com.android.dx.rop.code.RegisterSpecSet.put(Lcom/android/dx/rop/code/RegisterSpec;)V @ 77
Event: 3.972 Thread 0x0000000056d8c000 Uncommon trap: reason=unstable_if action=reinterpret pc=0x0000000002d1f258 method=com.android.dx.rop.code.RegisterSpecSet.put(Lcom/android/dx/rop/code/RegisterSpec;)V @ 77

Internal exceptions (2 events):
Event: 0.330 Thread 0x00000000002ae000 Exception <a 'java/lang/NoSuchMethodError': Method sun.misc.Unsafe.defineClass(Ljava/lang/String;[BII)Ljava/lang/Class; name or signature does not match> (0x00000000eab07cc0) thrown at [C:\re\workspace\8-2-build-windows-amd64-cygwin\jdk8u101\7261\hotspot\s+lÐŽ«Õ?
Event: 0.330 Thread 0x00000000002ae000 Exception <a 'java/lang/NoSuchMethodError': Method sun.misc.Unsafe.prefetchRead(Ljava/lang/Object;J)V name or signature does not match> (0x00000000eab07fa8) thrown at [C:\re\workspace\8-2-build-windows-amd64-cygwin\jdk8u101\7261\hotspot\src\share\vm\prims\

Events (10 events):
Event: 3.972 Thread 0x0000000056d8c000 DEOPT UNPACKING pc=0x0000000002a2582a sp=0x000000005759ebd8 mode 2
Event: 3.972 Thread 0x0000000056d8c000 Uncommon trap: trap_request=0xffffff65 fr.pc=0x0000000002d1f258
Event: 3.972 Thread 0x0000000056d8c000 DEOPT PACKING pc=0x0000000002d1f258 sp=0x000000005759ec40
Event: 3.972 Thread 0x0000000056d8c000 DEOPT UNPACKING pc=0x0000000002a2582a sp=0x000000005759eb60 mode 2
Event: 4.046 Thread 0x0000000056f4c000 DEOPT PACKING pc=0x0000000002cf1d85 sp=0x0000000057b0ea10
Event: 4.046 Thread 0x0000000056f4c000 DEOPT UNPACKING pc=0x0000000002a2787f sp=0x0000000057b0e800 mode 0
Event: 4.100 loading class com/android/dx/dex/file/FieldAnnotationStruct
Event: 4.100 loading class com/android/dx/dex/file/FieldAnnotationStruct done
Event: 4.863 Executing VM operation: ParallelGCFailedAllocation
Event: 4.988 Executing VM operation: ParallelGCFailedAllocation done


Dynamic libraries:
0x000000013f420000 - 0x000000013f457000 	C:\Program Files\Java\jdk1.8.0_101\bin\java.exe
0x0000000077b20000 - 0x0000000077cc9000 	C:\Windows\SYSTEM32\ntdll.dll
0x0000000077900000 - 0x0000000077a1f000 	C:\Windows\system32\kernel32.dll
0x000007fefdd30000 - 0x000007fefdd9b000 	C:\Windows\system32\KERNELBASE.dll
0x000007fefe540000 - 0x000007fefe61b000 	C:\Windows\system32\ADVAPI32.dll
0x000007fefde40000 - 0x000007fefdedf000 	C:\Windows\system32\msvcrt.dll
0x000007feffd60000 - 0x000007feffd7f000 	C:\Windows\SYSTEM32\sechost.dll
0x000007feffc30000 - 0x000007feffd5d000 	C:\Windows\system32\RPCRT4.dll
0x0000000077a20000 - 0x0000000077b1a000 	C:\Windows\system32\USER32.dll
0x000007fefe7a0000 - 0x000007fefe807000 	C:\Windows\system32\GDI32.dll
0x000007feff8e0000 - 0x000007feff8ee000 	C:\Windows\system32\LPK.dll
0x000007fefe0c0000 - 0x000007fefe189000 	C:\Windows\system32\USP10.dll
0x000007fefc420000 - 0x000007fefc614000 	C:\Windows\WinSxS\amd64_microsoft.windows.common-controls_6595b64144ccf1df_6.0.7601.17514_none_fa396087175ac9ac\COMCTL32.dll
0x000007feffb30000 - 0x000007feffba1000 	C:\Windows\system32\SHLWAPI.dll
0x000007fefe470000 - 0x000007fefe49e000 	C:\Windows\system32\IMM32.DLL
0x000007feff8f0000 - 0x000007feff9f9000 	C:\Windows\system32\MSCTF.dll
0x0000000065840000 - 0x0000000065912000 	C:\Program Files\Java\jdk1.8.0_101\jre\bin\msvcr100.dll
0x0000000063ab0000 - 0x000000006434a000 	C:\Program Files\Java\jdk1.8.0_101\jre\bin\server\jvm.dll
0x000007fef8c00000 - 0x000007fef8c09000 	C:\Windows\system32\WSOCK32.dll
0x000007fefe3c0000 - 0x000007fefe40d000 	C:\Windows\system32\WS2_32.dll
0x000007feffd80000 - 0x000007feffd88000 	C:\Windows\system32\NSI.dll
0x000007fefb2b0000 - 0x000007fefb2eb000 	C:\Windows\system32\WINMM.dll
0x000007fefcbd0000 - 0x000007fefcbdc000 	C:\Windows\system32\VERSION.dll
0x0000000077ce0000 - 0x0000000077ce7000 	C:\Windows\system32\PSAPI.DLL
0x0000000075450000 - 0x000000007545f000 	C:\Program Files\Java\jdk1.8.0_101\jre\bin\verify.dll
0x0000000075420000 - 0x0000000075449000 	C:\Program Files\Java\jdk1.8.0_101\jre\bin\java.dll
0x0000000075400000 - 0x0000000075416000 	C:\Program Files\Java\jdk1.8.0_101\jre\bin\zip.dll
0x000007fefeb50000 - 0x000007feff8d8000 	C:\Windows\system32\SHELL32.dll
0x000007fefe190000 - 0x000007fefe393000 	C:\Windows\system32\ole32.dll
0x000007fefda70000 - 0x000007fefda7f000 	C:\Windows\system32\profapi.dll

VM Arguments:
jvm_args: -Djava.awt.headless=true -Xmx1024M -Dfile.encoding=windows-1252 -Duser.country=US -Duser.language=en -Duser.variant 
java_command: com.android.dx.command.Main --dex --force-jumbo --num-threads=4 --multi-dex --output D:\MyPC\workplaceproject\Erp\app\build\intermediates\transforms\dex\debug\folders\1000\10\com.android.support-transition-25.3.1_f51b486260255ba3d8bc5fccfb7d1232c01c07f6 D:\MyPC\workplaceproject\Erp\app\build\intermediates\exploded-aar\com.android.support\transition\25.3.1\jars\classes.jar
java_class_path (initial): C:\Users\db\AppData\Local\Android\Sdk\build-tools\25.0.2\lib\dx.jar
Launcher Type: SUN_STANDARD

Environment Variables:



---------------  S Y S T E M  ---------------

OS: Windows 7 , 64 bit Build 7601 (6.1.7601.17514)

CPU:total 4 (2 cores per cpu, 2 threads per core) family 6 model 60 stepping 3, cmov, cx8, fxsr, mmx, sse, sse2, sse3, ssse3, sse4.1, sse4.2, popcnt, avx, avx2, aes, clmul, erms, lzcnt, ht, tsc, tscinvbit, bmi1, bmi2

Memory: 4k page, physical 8256556k(1409360k free), swap 9893108k(5072k free)

vm_info: Java HotSpot(TM) 64-Bit Server VM (25.101-b13) for windows-amd64 JRE (1.8.0_101-b13), built on Jun 22 2016 01:21:29 by "java_re" with MS VC++ 10.0 (VS2010)

time: Mon May 29 17:57:37 2017
elapsed time: 5 seconds (0d 0h 0m 5s)

