#
# There is insufficient memory for the Java Runtime Environment to continue.
# Native memory allocation (malloc) failed to allocate 65552 bytes for Chunk::new
# Possible reasons:
#   The system is out of physical RAM or swap space
#   In 32 bit mode, the process size limit was hit
# Possible solutions:
#   Reduce memory load on the system
#   Increase physical memory or swap space
#   Check if swap backing store is full
#   Use 64 bit Java on a 64 bit OS
#   Decrease Java heap size (-Xmx/-Xms)
#   Decrease number of Java threads
#   Decrease Java thread stack sizes (-Xss)
#   Set larger code cache with -XX:ReservedCodeCacheSize=
# This output file may be truncated or incomplete.
#
#  Out of Memory Error (allocation.cpp:390), pid=6624, tid=0x0000000000001de4
#
# JRE version: Java(TM) SE Runtime Environment (8.0_101-b13) (build 1.8.0_101-b13)
# Java VM: Java HotSpot(TM) 64-Bit Server VM (25.101-b13 mixed mode windows-amd64 compressed oops)
# Failed to write core dump. Minidumps are not enabled by default on client versions of Windows
#

---------------  T H R E A D  ---------------

Current thread (0x0000000055354000):  JavaThread "C2 CompilerThread0" daemon [_thread_in_native, id=7652, stack(0x0000000056770000,0x0000000056870000)]

Stack: [0x0000000056770000,0x0000000056870000]
[error occurred during error reporting (printing stack bounds), id 0xc0000005]

Native frames: (J=compiled Java code, j=interpreted, Vv=VM code, C=native code)


Current CompileTask:
C2:  13508 1939       4       com.android.dx.cf.code.BasicBlocker::getBlockList (208 bytes)


---------------  P R O C E S S  ---------------

Java Threads: ( => current thread )
  0x0000000057136000 JavaThread "pool-2-thread-4" [_thread_blocked, id=6856, stack(0x0000000058280000,0x0000000058380000)]
  0x0000000056ff9800 JavaThread "pool-2-thread-3" [_thread_in_Java, id=5192, stack(0x00000000580a0000,0x00000000581a0000)]
  0x000000005702a800 JavaThread "pool-2-thread-2" [_thread_blocked, id=6708, stack(0x0000000057f30000,0x0000000058030000)]
  0x0000000056fe5800 JavaThread "pool-3-thread-1" [_thread_blocked, id=5604, stack(0x00000000571a0000,0x00000000572a0000)]
  0x0000000057071800 JavaThread "pool-2-thread-1" [_thread_blocked, id=7036, stack(0x0000000057d90000,0x0000000057e90000)]
  0x000000005535b000 JavaThread "Service Thread" daemon [_thread_blocked, id=7404, stack(0x00000000572a0000,0x00000000573a0000)]
  0x0000000055359800 JavaThread "C1 CompilerThread2" daemon [_thread_blocked, id=7040, stack(0x0000000056c50000,0x0000000056d50000)]
  0x0000000055358800 JavaThread "C2 CompilerThread1" daemon [_thread_in_native, id=8060, stack(0x0000000056a40000,0x0000000056b40000)]
=>0x0000000055354000 JavaThread "C2 CompilerThread0" daemon [_thread_in_native, id=7652, stack(0x0000000056770000,0x0000000056870000)]
  0x0000000055350000 JavaThread "Attach Listener" daemon [_thread_blocked, id=5656, stack(0x00000000568b0000,0x00000000569b0000)]
  0x000000005535f000 JavaThread "Signal Dispatcher" daemon [_thread_blocked, id=5552, stack(0x00000000565f0000,0x00000000566f0000)]
  0x0000000055339800 JavaThread "Finalizer" daemon [_thread_blocked, id=7712, stack(0x00000000564f0000,0x00000000565f0000)]
  0x00000000552f2000 JavaThread "Reference Handler" daemon [_thread_blocked, id=6592, stack(0x0000000056270000,0x0000000056370000)]
  0x000000000232e000 JavaThread "main" [_thread_blocked, id=7600, stack(0x00000000026f0000,0x00000000027f0000)]

Other Threads:
  0x00000000552ea800 VMThread [stack: 0x00000000563c0000,0x00000000564c0000] [id=7772]
  0x0000000056de0000 WatcherThread [stack: 0x0000000057430000,0x0000000057530000] [id=5572]

VM state:not at safepoint (normal execution)

VM Mutex/Monitor currently owned by a thread: None

Heap:
 PSYoungGen      total 70656K, used 58059K [0x00000000eab00000, 0x00000000ef500000, 0x0000000100000000)
  eden space 65536K, 80% used [0x00000000eab00000,0x00000000edeb4340,0x00000000eeb00000)
  from space 5120K, 99% used [0x00000000ef000000,0x00000000ef4feaa8,0x00000000ef500000)
  to   space 5120K, 0% used [0x00000000eeb00000,0x00000000eeb00000,0x00000000ef000000)
 ParOldGen       total 86016K, used 5483K [0x00000000c0000000, 0x00000000c5400000, 0x00000000eab00000)
  object space 86016K, 6% used [0x00000000c0000000,0x00000000c055af98,0x00000000c5400000)
 Metaspace       used 6150K, capacity 7152K, committed 7296K, reserved 1056768K
  class space    used 590K, capacity 616K, committed 640K, reserved 1048576K

Card table byte_map: [0x0000000011e80000,0x0000000012090000] byte_map_base: 0x0000000011880000

Marking Bits: (ParMarkBitMap*) 0x000000006e64a6d0
 Begin Bits: [0x0000000012760000, 0x0000000013760000)
 End Bits:   [0x0000000013760000, 0x0000000014760000)

Polling page: 0x0000000000130000

CodeCache: size=245760Kb used=8983Kb max_used=8997Kb free=236776Kb
 bounds [0x0000000002ac0000, 0x00000000033a0000, 0x0000000011ac0000]
 total_blobs=2198 nmethods=1934 adapters=176
 compilation: enabled

Compilation events (10 events):
Event: 13.387 Thread 0x0000000055354000 1939       4       com.android.dx.cf.code.BasicBlocker::getBlockList (208 bytes)
Event: 13.416 Thread 0x0000000055358800 1940       4       com.android.dx.ssa.SsaConverter::edgeSplitPredecessors (44 bytes)
Event: 13.417 Thread 0x0000000055359800 1941       3       com.android.dx.rop.code.Insn$BaseVisitor::visitThrowingInsn (1 bytes)
Event: 13.417 Thread 0x0000000055359800 nmethod 1941 0x000000000336de50 code [0x000000000336dfa0, 0x000000000336e0f0]
Event: 13.417 Thread 0x0000000055359800 1942       3       com.android.dx.dex.code.RopTranslator$LocalVariableAwareTranslationVisitor::visitThrowingInsn (11 bytes)
Event: 13.418 Thread 0x0000000055359800 nmethod 1942 0x000000000336ca50 code [0x000000000336cc60, 0x000000000336d798]
Event: 13.418 Thread 0x0000000055359800 1943       3       com.android.dx.ssa.PhiTypeResolver::resolveResultType (308 bytes)
Event: 13.420 Thread 0x0000000055359800 nmethod 1943 0x0000000003385990 code [0x0000000003385e20, 0x0000000003389438]
Event: 13.420 Thread 0x0000000055358800 nmethod 1940 0x000000000338aed0 code [0x000000000338b020, 0x000000000338b268]
Event: 13.420 Thread 0x0000000055358800 1946       4       com.android.dx.ssa.Dominators::run (506 bytes)

GC Heap History (4 events):
Event: 3.807 GC heap before
{Heap before GC invocations=1 (full 0):
 PSYoungGen      total 37888K, used 32768K [0x00000000eab00000, 0x00000000ed500000, 0x0000000100000000)
  eden space 32768K, 100% used [0x00000000eab00000,0x00000000ecb00000,0x00000000ecb00000)
  from space 5120K, 0% used [0x00000000ed000000,0x00000000ed000000,0x00000000ed500000)
  to   space 5120K, 0% used [0x00000000ecb00000,0x00000000ecb00000,0x00000000ed000000)
 ParOldGen       total 86016K, used 0K [0x00000000c0000000, 0x00000000c5400000, 0x00000000eab00000)
  object space 86016K, 0% used [0x00000000c0000000,0x00000000c0000000,0x00000000c5400000)
 Metaspace       used 5873K, capacity 6896K, committed 7040K, reserved 1056768K
  class space    used 587K, capacity 616K, committed 640K, reserved 1048576K
Event: 4.115 GC heap after
Heap after GC invocations=1 (full 0):
 PSYoungGen      total 37888K, used 5108K [0x00000000eab00000, 0x00000000ef500000, 0x0000000100000000)
  eden space 32768K, 0% used [0x00000000eab00000,0x00000000eab00000,0x00000000ecb00000)
  from space 5120K, 99% used [0x00000000ecb00000,0x00000000ecffd318,0x00000000ed000000)
  to   space 5120K, 0% used [0x00000000ef000000,0x00000000ef000000,0x00000000ef500000)
 ParOldGen       total 86016K, used 907K [0x00000000c0000000, 0x00000000c5400000, 0x00000000eab00000)
  object space 86016K, 1% used [0x00000000c0000000,0x00000000c00e2c40,0x00000000c5400000)
 Metaspace       used 5873K, capacity 6896K, committed 7040K, reserved 1056768K
  class space    used 587K, capacity 616K, committed 640K, reserved 1048576K
}
Event: 7.461 GC heap before
{Heap before GC invocations=2 (full 0):
 PSYoungGen      total 37888K, used 37876K [0x00000000eab00000, 0x00000000ef500000, 0x0000000100000000)
  eden space 32768K, 100% used [0x00000000eab00000,0x00000000ecb00000,0x00000000ecb00000)
  from space 5120K, 99% used [0x00000000ecb00000,0x00000000ecffd318,0x00000000ed000000)
  to   space 5120K, 0% used [0x00000000ef000000,0x00000000ef000000,0x00000000ef500000)
 ParOldGen       total 86016K, used 907K [0x00000000c0000000, 0x00000000c5400000, 0x00000000eab00000)
  object space 86016K, 1% used [0x00000000c0000000,0x00000000c00e2c40,0x00000000c5400000)
 Metaspace       used 6032K, capacity 7024K, committed 7296K, reserved 1056768K
  class space    used 589K, capacity 616K, committed 640K, reserved 1048576K
Event: 7.621 GC heap after
Heap after GC invocations=2 (full 0):
 PSYoungGen      total 70656K, used 5114K [0x00000000eab00000, 0x00000000ef500000, 0x0000000100000000)
  eden space 65536K, 0% used [0x00000000eab00000,0x00000000eab00000,0x00000000eeb00000)
  from space 5120K, 99% used [0x00000000ef000000,0x00000000ef4feaa8,0x00000000ef500000)
  to   space 5120K, 0% used [0x00000000eeb00000,0x00000000eeb00000,0x00000000ef000000)
 ParOldGen       total 86016K, used 5483K [0x00000000c0000000, 0x00000000c5400000, 0x00000000eab00000)
  object space 86016K, 6% used [0x00000000c0000000,0x00000000c055af98,0x00000000c5400000)
 Metaspace       used 6032K, capacity 7024K, committed 7296K, reserved 1056768K
  class space    used 589K, capacity 616K, committed 640K, reserved 1048576K
}

Deoptimization events (10 events):
Event: 11.136 Thread 0x0000000057071800 Uncommon trap: reason=unstable_if action=reinterpret pc=0x00000000031712d8 method=com.android.dx.ssa.SsaBasicBlock.newFromRop(Lcom/android/dx/rop/code/RopMethod;ILcom/android/dx/ssa/SsaMethod;)Lcom/android/dx/ssa/SsaBasicBlock; @ 164
Event: 11.136 Thread 0x0000000057071800 Uncommon trap: reason=bimorphic action=maybe_recompile pc=0x000000000308e290 method=com.android.dx.ssa.SCCP.simulatePhi(Lcom/android/dx/ssa/PhiInsn;)V @ 124
Event: 11.137 Thread 0x0000000057071800 Uncommon trap: reason=unstable_if action=reinterpret pc=0x000000000328574c method=com.android.dx.ssa.SsaMethod.blockIndexToRopLabel(I)I @ 1
Event: 11.138 Thread 0x0000000057071800 Uncommon trap: reason=bimorphic action=maybe_recompile pc=0x000000000308e290 method=com.android.dx.ssa.SCCP.simulatePhi(Lcom/android/dx/ssa/PhiInsn;)V @ 124
Event: 12.115 Thread 0x0000000057071800 Uncommon trap: reason=null_check action=make_not_entrant pc=0x0000000002e5d558 method=com.android.dx.rop.type.Type.equals(Ljava/lang/Object;)Z @ 8
Event: 12.115 Thread 0x0000000057071800 Uncommon trap: reason=unstable_if action=reinterpret pc=0x00000000032d6da8 method=com.android.dx.cf.code.Merger.mergeType(Lcom/android/dx/rop/type/TypeBearer;Lcom/android/dx/rop/type/TypeBearer;)Lcom/android/dx/rop/type/TypeBearer; @ 15
Event: 12.794 Thread 0x0000000056ff9800 Uncommon trap: reason=unstable_if action=reinterpret pc=0x0000000003339b58 method=com.android.dx.dex.code.RopTranslator.pickOrder()V @ 164
Event: 12.799 Thread 0x0000000056ff9800 Uncommon trap: reason=bimorphic action=maybe_recompile pc=0x0000000002eddbb8 method=java.util.HashMap.putVal(ILjava/lang/Object;Ljava/lang/Object;ZZ)Ljava/lang/Object; @ 91
Event: 12.925 Thread 0x0000000056ff9800 Uncommon trap: reason=unstable_if action=reinterpret pc=0x00000000031ee328 method=com.android.dx.util.BitIntSet.has(I)Z @ 8
Event: 12.925 Thread 0x0000000056ff9800 Uncommon trap: reason=unstable_if action=reinterpret pc=0x0000000003322fdc method=com.android.dx.util.BitIntSet.has(I)Z @ 8

Internal exceptions (5 events):
Event: 0.051 Thread 0x000000000232e000 Exception <a 'java/lang/NoSuchMethodError': Method sun.misc.Unsafe.defineClass(Ljava/lang/String;[BII)Ljava/lang/Class; name or signature does not match> (0x00000000eab07cc0) thrown at [C:\re\workspace\8-2-build-windows-amd64-cygwin\jdk8u101\7261\hotspot\s
D•Fó&ª?
Event: 0.051 Thread 0x000000000232e000 Exception <a 'java/lang/NoSuchMethodError': Method sun.misc.Unsafe.prefetchRead(Ljava/lang/Object;J)V name or signature does not match> (0x00000000eab07fa8) thrown at [C:\re\workspace\8-2-build-windows-amd64-cygwin\jdk8u101\7261\hotspot\src\share\vm\prims\	ŽƒÜ¯)@
Event: 7.291 Thread 0x000000005702a800 Implicit null exception at 0x0000000002d75967 to 0x0000000002d77255
Event: 8.585 Thread 0x0000000057071800 Implicit null exception at 0x000000000304f6c5 to 0x0000000003050d15
Event: 12.115 Thread 0x0000000057071800 Implicit null exception at 0x0000000002e5d452 to 0x0000000002e5d54a

Events (10 events):
Event: 12.799 Thread 0x0000000056ff9800 DEOPT PACKING pc=0x0000000002eddbb8 sp=0x000000005819e580
Event: 12.799 Thread 0x0000000056ff9800 DEOPT UNPACKING pc=0x0000000002b0582a sp=0x000000005819e508 mode 2
Event: 12.925 Thread 0x0000000056ff9800 Uncommon trap: trap_request=0xffffff65 fr.pc=0x00000000031ee328
Event: 12.925 Thread 0x0000000056ff9800 DEOPT PACKING pc=0x00000000031ee328 sp=0x000000005819e720
Event: 12.925 Thread 0x0000000056ff9800 DEOPT UNPACKING pc=0x0000000002b0582a sp=0x000000005819e658 mode 2
Event: 12.925 Thread 0x0000000056ff9800 Uncommon trap: trap_request=0xffffff65 fr.pc=0x0000000003322fdc
Event: 12.925 Thread 0x0000000056ff9800 DEOPT PACKING pc=0x0000000003322fdc sp=0x000000005819e5f0
Event: 12.925 Thread 0x0000000056ff9800 DEOPT UNPACKING pc=0x0000000002b0582a sp=0x000000005819e438 mode 2
Event: 13.065 Thread 0x0000000056ff9800 DEOPT PACKING pc=0x0000000002f2b579 sp=0x000000005819e800
Event: 13.065 Thread 0x0000000056ff9800 DEOPT UNPACKING pc=0x0000000002b0787f sp=0x000000005819e590 mode 0


Dynamic libraries:
0x000000013ff00000 - 0x000000013ff37000 	C:\Program Files\Java\jdk1.8.0_101\bin\java.exe
0x0000000077540000 - 0x00000000776e9000 	C:\Windows\SYSTEM32\ntdll.dll
0x0000000077320000 - 0x000000007743f000 	C:\Windows\system32\kernel32.dll
0x000007fefd540000 - 0x000007fefd5ab000 	C:\Windows\system32\KERNELBASE.dll
0x000007fefed20000 - 0x000007fefedfb000 	C:\Windows\system32\ADVAPI32.dll
0x000007feff4f0000 - 0x000007feff58f000 	C:\Windows\system32\msvcrt.dll
0x000007feff000000 - 0x000007feff01f000 	C:\Windows\SYSTEM32\sechost.dll
0x000007fefebf0000 - 0x000007fefed1d000 	C:\Windows\system32\RPCRT4.dll
0x0000000077440000 - 0x000000007753a000 	C:\Windows\system32\USER32.dll
0x000007feff590000 - 0x000007feff5f7000 	C:\Windows\system32\GDI32.dll
0x000007feff110000 - 0x000007feff11e000 	C:\Windows\system32\LPK.dll
0x000007feff380000 - 0x000007feff449000 	C:\Windows\system32\USP10.dll
0x000007fefbe40000 - 0x000007fefc034000 	C:\Windows\WinSxS\amd64_microsoft.windows.common-controls_6595b64144ccf1df_6.0.7601.17514_none_fa396087175ac9ac\COMCTL32.dll
0x000007fefee00000 - 0x000007fefee71000 	C:\Windows\system32\SHLWAPI.dll
0x000007feff020000 - 0x000007feff04e000 	C:\Windows\system32\IMM32.DLL
0x000007feff740000 - 0x000007feff849000 	C:\Windows\system32\MSCTF.dll
0x0000000061790000 - 0x0000000061862000 	C:\Program Files\Java\jdk1.8.0_101\jre\bin\msvcr100.dll
0x000000006de30000 - 0x000000006e6ca000 	C:\Program Files\Java\jdk1.8.0_101\jre\bin\server\jvm.dll
0x000007fef8620000 - 0x000007fef8629000 	C:\Windows\system32\WSOCK32.dll
0x000007feff600000 - 0x000007feff64d000 	C:\Windows\system32\WS2_32.dll
0x000007feff6d0000 - 0x000007feff6d8000 	C:\Windows\system32\NSI.dll
0x000007fef9f20000 - 0x000007fef9f5b000 	C:\Windows\system32\WINMM.dll
0x000007fefc5f0000 - 0x000007fefc5fc000 	C:\Windows\system32\VERSION.dll
0x0000000077710000 - 0x0000000077717000 	C:\Windows\system32\PSAPI.DLL
0x00000000711d0000 - 0x00000000711df000 	C:\Program Files\Java\jdk1.8.0_101\jre\bin\verify.dll
0x00000000711a0000 - 0x00000000711c9000 	C:\Program Files\Java\jdk1.8.0_101\jre\bin\java.dll
0x0000000070c50000 - 0x0000000070c66000 	C:\Program Files\Java\jdk1.8.0_101\jre\bin\zip.dll
0x000007fefde60000 - 0x000007fefebe8000 	C:\Windows\system32\SHELL32.dll
0x000007fefdc50000 - 0x000007fefde53000 	C:\Windows\system32\ole32.dll
0x000007fefd490000 - 0x000007fefd49f000 	C:\Windows\system32\profapi.dll

VM Arguments:
jvm_args: -Djava.awt.headless=true -Xmx1024M -Dfile.encoding=windows-1252 -Duser.country=US -Duser.language=en -Duser.variant 
java_command: com.android.dx.command.Main --dex --force-jumbo --num-threads=4 --multi-dex --output D:\MyPC\workplaceproject\Erp\app\build\intermediates\transforms\dex\debug\folders\1000\10\com.android.support-support-media-compat-25.3.1_9b7ca8d41df9ef8ec28570f8b45c50f4ac961ba8 D:\MyPC\workplaceproject\Erp\app\build\intermediates\exploded-aar\com.android.support\support-media-compat\25.3.1\jars\classes.jar
java_class_path (initial): C:\Users\db\AppData\Local\Android\Sdk\build-tools\25.0.2\lib\dx.jar
Launcher Type: SUN_STANDARD

Environment Variables:
PATH=C:\Program Files (x86)\Common Files\Intel\Shared Files\cpp\bin\Intel64;C:\Python27\;C:\Python27\Scripts;C:\ProgramData\Oracle\Java\javapath;c:\OraHome_1\bin;c:\OraHome_1\jre\1.4.2\bin\client;c:\OraHome_1\jre\1.4.2\bin;c:\DevSuiteHome_1\jdk\jre\bin\classic;c:\DevSuiteHome_1\jdk\jre\bin;c:\DevSuiteHome_1\jdk\jre\bin\client;c:\DevSuiteHome_1\jlib;c:\DevSuiteHome_1\bin;c:\DevSuiteHome_1\jre\1.4.2\bin\client;c:\DevSuiteHome_1\jre\1.4.2\bin;C:\Windows\system32;C:\Windows;C:\Windows\System32\Wbem;C:\Windows\System32\WindowsPowerShell\v1.0\;C:\Program Files\Java\jdk1.8.0_101\bin;C:\Program Files (x86)\Skype\Phone\;C:\Program Files\nodejs\;C:\Users\db\AppData\Local\atom\bin;C:\Users\db\AppData\Roaming\npm
USERNAME=db
OS=Windows_NT
PROCESSOR_IDENTIFIER=Intel64 Family 6 Model 60 Stepping 3, GenuineIntel



---------------  S Y S T E M  ---------------

OS: Windows 7 , 64 bit Build 7601 (6.1.7601.17514)

CPU:total 4 (2 cores per cpu, 2 threads per core) family 6 model 60 stepping 3, cmov, cx8, fxsr, mmx, sse, sse2, sse3, ssse3, sse4.1, sse4.2, popcnt, avx, avx2, aes, clmul, erms, lzcnt, ht, tsc, tscinvbit, bmi1, bmi2

Memory: 4k page, physical 8256556k(897172k free), swap 9893108k(5176k free)

vm_info: Java HotSpot(TM) 64-Bit Server VM (25.101-b13) for windows-amd64 JRE (1.8.0_101-b13), built on Jun 22 2016 01:21:29 by "java_re" with MS VC++ 10.0 (VS2010)

time: Fri Jun 02 18:25:36 2017
elapsed time: 13 seconds (0d 0h 0m 13s)

