#
# There is insufficient memory for the Java Runtime Environment to continue.
# Native memory allocation (malloc) failed to allocate 634896 bytes for Chunk::new
# Possible reasons:
#   The system is out of physical RAM or swap space
#   In 32 bit mode, the process size limit was hit
# Possible solutions:
#   Reduce memory load on the system
#   Increase physical memory or swap space
#   Check if swap backing store is full
#   Use 64 bit Java on a 64 bit OS
#   Decrease Java heap size (-Xmx/-Xms)
#   Decrease number of Java threads
#   Decrease Java thread stack sizes (-Xss)
#   Set larger code cache with -XX:ReservedCodeCacheSize=
# This output file may be truncated or incomplete.
#
#  Out of Memory Error (allocation.cpp:390), pid=7588, tid=0x0000000000001d6c
#
# JRE version: Java(TM) SE Runtime Environment (8.0_101-b13) (build 1.8.0_101-b13)
# Java VM: Java HotSpot(TM) 64-Bit Server VM (25.101-b13 mixed mode windows-amd64 compressed oops)
# Failed to write core dump. Minidumps are not enabled by default on client versions of Windows
#

---------------  T H R E A D  ---------------

Current thread (0x00000000564a3800):  JavaThread "C2 CompilerThread0" daemon [_thread_in_native, id=7532, stack(0x0000000056d80000,0x0000000056e80000)]

Stack: [0x0000000056d80000,0x0000000056e80000]
[error occurred during error reporting (printing stack bounds), id 0xc0000005]

Native frames: (J=compiled Java code, j=interpreted, Vv=VM code, C=native code)


Current CompileTask:
C2:   2037  733       4       com.android.dx.ssa.NormalSsaInsn::accept (25 bytes)


---------------  P R O C E S S  ---------------

Java Threads: ( => current thread )
  0x0000000056769000 JavaThread "pool-2-thread-4" [_thread_in_vm, id=5096, stack(0x0000000057410000,0x0000000057510000)]
  0x0000000056722000 JavaThread "pool-2-thread-3" [_thread_blocked, id=6428, stack(0x0000000057910000,0x0000000057a10000)]
  0x000000005660d800 JavaThread "pool-2-thread-2" [_thread_in_Java, id=7456, stack(0x00000000577f0000,0x00000000578f0000)]
  0x000000005660b800 JavaThread "pool-3-thread-1" [_thread_blocked, id=4764, stack(0x0000000057650000,0x0000000057750000)]
  0x00000000565f8800 JavaThread "pool-2-thread-1" [_thread_in_Java, id=4564, stack(0x0000000057510000,0x0000000057610000)]
  0x0000000056506000 JavaThread "Service Thread" daemon [_thread_blocked, id=3808, stack(0x00000000570d0000,0x00000000571d0000)]
  0x00000000551fd800 JavaThread "C1 CompilerThread2" daemon [_thread_blocked, id=3008, stack(0x0000000056ae0000,0x0000000056be0000)]
  0x00000000564ab000 JavaThread "C2 CompilerThread1" daemon [_thread_in_native, id=404, stack(0x0000000056f10000,0x0000000057010000)]
=>0x00000000564a3800 JavaThread "C2 CompilerThread0" daemon [_thread_in_native, id=7532, stack(0x0000000056d80000,0x0000000056e80000)]
  0x00000000551f3000 JavaThread "Attach Listener" daemon [_thread_blocked, id=7496, stack(0x0000000056c40000,0x0000000056d40000)]
  0x00000000551f1800 JavaThread "Signal Dispatcher" daemon [_thread_blocked, id=4324, stack(0x0000000056990000,0x0000000056a90000)]
  0x00000000551db000 JavaThread "Finalizer" daemon [_thread_blocked, id=3364, stack(0x0000000056050000,0x0000000056150000)]
  0x0000000055194000 JavaThread "Reference Handler" daemon [_thread_blocked, id=7564, stack(0x00000000563a0000,0x00000000564a0000)]
  0x00000000004ce000 JavaThread "main" [_thread_in_native, id=5700, stack(0x00000000024d0000,0x00000000025d0000)]

Other Threads:
  0x000000005518c800 VMThread [stack: 0x00000000561a0000,0x00000000562a0000] [id=8156]
  0x0000000056512000 WatcherThread [stack: 0x00000000572a0000,0x00000000573a0000] [id=1828]

VM state:not at safepoint (normal execution)

VM Mutex/Monitor currently owned by a thread: None

Heap:
 PSYoungGen      total 37888K, used 30367K [0x00000000eab00000, 0x00000000ed500000, 0x0000000100000000)
  eden space 32768K, 77% used [0x00000000eab00000,0x00000000ec3af9a8,0x00000000ecb00000)
  from space 5120K, 99% used [0x00000000ecb00000,0x00000000ecff8288,0x00000000ed000000)
  to   space 5120K, 0% used [0x00000000ed000000,0x00000000ed000000,0x00000000ed500000)
 ParOldGen       total 86016K, used 10238K [0x00000000c0000000, 0x00000000c5400000, 0x00000000eab00000)
  object space 86016K, 11% used [0x00000000c0000000,0x00000000c09ff8f0,0x00000000c5400000)
 Metaspace       used 5808K, capacity 6896K, committed 7040K, reserved 1056768K
  class space    used 582K, capacity 616K, committed 640K, reserved 1048576K

Card table byte_map: [0x0000000011c60000,0x0000000011e70000] byte_map_base: 0x0000000011660000

Marking Bits: (ParMarkBitMap*) 0x0000000063dca6d0
 Begin Bits: [0x0000000012600000, 0x0000000013600000)
 End Bits:   [0x0000000013600000, 0x0000000014600000)

Polling page: 0x0000000000230000

CodeCache: size=245760Kb used=3056Kb max_used=3056Kb free=242703Kb
 bounds [0x00000000028a0000, 0x0000000002ba0000, 0x00000000118a0000]
 total_blobs=992 nmethods=727 adapters=175
 compilation: disabled (not enough contiguous free space left)

Compilation events (10 events):
Event: 2.003 Thread 0x00000000551fd800  848       2       java.util.ArrayList$SubList::removeRange (47 bytes)
Event: 2.003 Thread 0x00000000551fd800 nmethod 848 0x0000000002b9ddd0 code [0x0000000002b9df40, 0x0000000002b9e178]
Event: 2.003 Thread 0x00000000551fd800 1019       2       com.android.dx.cf.code.Merger::mergeType (142 bytes)
Event: 2.004 Thread 0x00000000551fd800 nmethod 1019 0x0000000002b9e310 code [0x0000000002b9e540, 0x0000000002b9eb28]
Event: 2.004 Thread 0x00000000551fd800  850       2       com.android.dx.ssa.SsaBasicBlock::scheduleMovesFromPhis (108 bytes)
Event: 2.004 Thread 0x00000000551fd800 nmethod 850 0x0000000002b9f090 code [0x0000000002b9f280, 0x0000000002b9f838]
Event: 2.004 Thread 0x00000000551fd800  851       2       com.android.dx.ssa.SsaMethod::returnSpareRegisters (6 bytes)
Event: 2.004 Thread 0x00000000551fd800 nmethod 851 0x0000000002ac90d0 code [0x0000000002ac9220, 0x0000000002ac9370]
Event: 2.004 Thread 0x00000000551fd800  840       2       com.android.dx.rop.cst.CstString::getType (4 bytes)
Event: 2.005 Thread 0x00000000551fd800 


GC Heap History (6 events):
Event: 1.047 GC heap before
{Heap before GC invocations=1 (full 0):
 PSYoungGen      total 37888K, used 32768K [0x00000000eab00000, 0x00000000ed500000, 0x0000000100000000)
  eden space 32768K, 100% used [0x00000000eab00000,0x00000000ecb00000,0x00000000ecb00000)
  from space 5120K, 0% used [0x00000000ed000000,0x00000000ed000000,0x00000000ed500000)
  to   space 5120K, 0% used [0x00000000ecb00000,0x00000000ecb00000,0x00000000ed000000)
 ParOldGen       total 86016K, used 0K [0x00000000c0000000, 0x00000000c5400000, 0x00000000eab00000)
  object space 86016K, 0% used [0x00000000c0000000,0x00000000c0000000,0x00000000c5400000)
 Metaspace       used 5655K, capacity 6768K, committed 7040K, reserved 1056768K
  class space    used 582K, capacity 616K, committed 640K, reserved 1048576K
Event: 1.054 GC heap after
Heap after GC invocations=1 (full 0):
 PSYoungGen      total 37888K, used 5096K [0x00000000eab00000, 0x00000000ed500000, 0x0000000100000000)
  eden space 32768K, 0% used [0x00000000eab00000,0x00000000eab00000,0x00000000ecb00000)
  from space 5120K, 99% used [0x00000000ecb00000,0x00000000ecffa2d0,0x00000000ed000000)
  to   space 5120K, 0% used [0x00000000ed000000,0x00000000ed000000,0x00000000ed500000)
 ParOldGen       total 86016K, used 1779K [0x00000000c0000000, 0x00000000c5400000, 0x00000000eab00000)
  object space 86016K, 2% used [0x00000000c0000000,0x00000000c01bcc78,0x00000000c5400000)
 Metaspace       used 5655K, capacity 6768K, committed 7040K, reserved 1056768K
  class space    used 582K, capacity 616K, committed 640K, reserved 1048576K
}
Event: 1.481 GC heap before
{Heap before GC invocations=2 (full 0):
 PSYoungGen      total 37888K, used 37864K [0x00000000eab00000, 0x00000000ed500000, 0x0000000100000000)
  eden space 32768K, 100% used [0x00000000eab00000,0x00000000ecb00000,0x00000000ecb00000)
  from space 5120K, 99% used [0x00000000ecb00000,0x00000000ecffa2d0,0x00000000ed000000)
  to   space 5120K, 0% used [0x00000000ed000000,0x00000000ed000000,0x00000000ed500000)
 ParOldGen       total 86016K, used 1779K [0x00000000c0000000, 0x00000000c5400000, 0x00000000eab00000)
  object space 86016K, 2% used [0x00000000c0000000,0x00000000c01bcc78,0x00000000c5400000)
 Metaspace       used 5699K, capacity 6832K, committed 7040K, reserved 1056768K
  class space    used 582K, capacity 616K, committed 640K, reserved 1048576K
Event: 1.490 GC heap after
Heap after GC invocations=2 (full 0):
 PSYoungGen      total 37888K, used 5098K [0x00000000eab00000, 0x00000000ed500000, 0x0000000100000000)
  eden space 32768K, 0% used [0x00000000eab00000,0x00000000eab00000,0x00000000ecb00000)
  from space 5120K, 99% used [0x00000000ed000000,0x00000000ed4fa8a8,0x00000000ed500000)
  to   space 5120K, 0% used [0x00000000ecb00000,0x00000000ecb00000,0x00000000ed000000)
 ParOldGen       total 86016K, used 5992K [0x00000000c0000000, 0x00000000c5400000, 0x00000000eab00000)
  object space 86016K, 6% used [0x00000000c0000000,0x00000000c05da2e8,0x00000000c5400000)
 Metaspace       used 5699K, capacity 6832K, committed 7040K, reserved 1056768K
  class space    used 582K, capacity 616K, committed 640K, reserved 1048576K
}
Event: 1.778 GC heap before
{Heap before GC invocations=3 (full 0):
 PSYoungGen      total 37888K, used 37866K [0x00000000eab00000, 0x00000000ed500000, 0x0000000100000000)
  eden space 32768K, 100% used [0x00000000eab00000,0x00000000ecb00000,0x00000000ecb00000)
  from space 5120K, 99% used [0x00000000ed000000,0x00000000ed4fa8a8,0x00000000ed500000)
  to   space 5120K, 0% used [0x00000000ecb00000,0x00000000ecb00000,0x00000000ed000000)
 ParOldGen       total 86016K, used 5992K [0x00000000c0000000, 0x00000000c5400000, 0x00000000eab00000)
  object space 86016K, 6% used [0x00000000c0000000,0x00000000c05da2e8,0x00000000c5400000)
 Metaspace       used 5766K, capacity 6896K, committed 7040K, reserved 1056768K
  class space    used 582K, capacity 616K, committed 640K, reserved 1048576K
Event: 1.790 GC heap after
Heap after GC invocations=3 (full 0):
 PSYoungGen      total 37888K, used 5088K [0x00000000eab00000, 0x00000000ed500000, 0x0000000100000000)
  eden space 32768K, 0% used [0x00000000eab00000,0x00000000eab00000,0x00000000ecb00000)
  from space 5120K, 99% used [0x00000000ecb00000,0x00000000ecff8288,0x00000000ed000000)
  to   space 5120K, 0% used [0x00000000ed000000,0x00000000ed000000,0x00000000ed500000)
 ParOldGen       total 86016K, used 10238K [0x00000000c0000000, 0x00000000c5400000, 0x00000000eab00000)
  object space 86016K, 11% used [0x00000000c0000000,0x00000000c09ff8f0,0x00000000c5400000)
 Metaspace       used 5766K, capacity 6896K, committed 7040K, reserved 1056768K
  class space    used 582K, capacity 616K, committed 640K, reserved 1048576K
}

Deoptimization events (10 events):
Event: 0.672 Thread 0x00000000565f8800 Uncommon trap: reason=unstable_if action=reinterpret pc=0x0000000002adb530 method=java.util.HashMap.getNode(ILjava/lang/Object;)Ljava/util/HashMap$Node; @ 62
Event: 0.698 Thread 0x0000000056722000 Uncommon trap: reason=unstable_if action=reinterpret pc=0x0000000002a370a8 method=com.android.dx.rop.cst.CstFieldRef.compareTo0(Lcom/android/dx/rop/cst/Constant;)I @ 7
Event: 0.827 Thread 0x0000000056769000 Uncommon trap: reason=unstable_if action=reinterpret pc=0x0000000002b30d5c method=java.util.HashMap.getNode(ILjava/lang/Object;)Ljava/util/HashMap$Node; @ 129
Event: 0.945 Thread 0x00000000004ce000 Uncommon trap: reason=unstable_if action=reinterpret pc=0x0000000002a49d48 method=java.lang.String.<init>([CII)V @ 18
Event: 0.967 Thread 0x0000000056769000 Uncommon trap: reason=unstable_if action=reinterpret pc=0x0000000002b0a5a8 method=java.util.BitSet.ensureCapacity(I)V @ 6
Event: 0.970 Thread 0x00000000004ce000 Uncommon trap: reason=unstable_if action=reinterpret pc=0x0000000002b5b1e8 method=java.lang.String.<init>([CII)V @ 18
Event: 0.985 Thread 0x0000000056769000 Uncommon trap: reason=class_check action=maybe_recompile pc=0x0000000002b24260 method=com.android.dx.ssa.NormalSsaInsn.accept(Lcom/android/dx/ssa/SsaInsn$Visitor;)V @ 9
Event: 0.985 Thread 0x0000000056769000 Uncommon trap: reason=class_check action=maybe_recompile pc=0x0000000002b24260 method=com.android.dx.ssa.NormalSsaInsn.accept(Lcom/android/dx/ssa/SsaInsn$Visitor;)V @ 9
Event: 1.150 Thread 0x0000000056769000 Uncommon trap: reason=class_check action=maybe_recompile pc=0x0000000002b24260 method=com.android.dx.ssa.NormalSsaInsn.accept(Lcom/android/dx/ssa/SsaInsn$Visitor;)V @ 9
Event: 1.166 Thread 0x0000000056722000 Uncommon trap: reason=class_check action=maybe_recompile pc=0x0000000002b24260 method=com.android.dx.ssa.NormalSsaInsn.accept(Lcom/android/dx/ssa/SsaInsn$Visitor;)V @ 9

Internal exceptions (2 events):
Event: 0.070 Thread 0x00000000004ce000 Exception <a 'java/lang/NoSuchMethodError': Method sun.misc.Unsafe.defineClass(Ljava/lang/String;[BII)Ljava/lang/Class; name or signature does not match> (0x00000000eab07cc0) thrown at [C:\re\workspace\8-2-build-windows-amd64-cygwin\jdk8u101\7261\hotspot\s[ٱ?
Event: 0.070 Thread 0x00000000004ce000 Exception <a 'java/lang/NoSuchMethodError': Method sun.misc.Unsafe.prefetchRead(Ljava/lang/Object;J)V name or signature does not match> (0x00000000eab07fa8) thrown at [C:\re\workspace\8-2-build-windows-amd64-cygwin\jdk8u101\7261\hotspot\src\share\vm\prims\

Events (10 events):
Event: 1.939 Thread 0x00000000551fd800 flushing nmethod 0x0000000002ab6410
Event: 1.939 Thread 0x00000000551fd800 flushing nmethod 0x0000000002abd8d0
Event: 1.939 Thread 0x00000000551fd800 flushing nmethod 0x0000000002ac0fd0
Event: 1.939 Thread 0x00000000551fd800 flushing nmethod 0x0000000002ac2a10
Event: 1.939 Thread 0x00000000551fd800 flushing nmethod 0x0000000002ac90d0
Event: 1.939 Thread 0x00000000551fd800 flushing nmethod 0x0000000002adb0d0
Event: 1.939 Thread 0x00000000551fd800 flushing nmethod 0x0000000002aee6d0
Event: 1.939 Thread 0x00000000551fd800 flushing nmethod 0x0000000002b02410
Event: 2.006 Thread 0x000000005660d800 DEOPT PACKING pc=0x0000000002af47d2 sp=0x00000000578eeb20
Event: 2.006 Thread 0x000000005660d800 DEOPT UNPACKING pc=0x00000000028e787f sp=0x00000000578ee878 mode 0


Dynamic libraries:
0x000000013f0f0000 - 0x000000013f127000 	C:\Program Files\Java\jdk1.8.0_101\bin\java.exe
0x0000000077760000 - 0x0000000077909000 	C:\Windows\SYSTEM32\ntdll.dll
0x0000000077640000 - 0x000000007775f000 	C:\Windows\system32\kernel32.dll
0x000007fefd760000 - 0x000007fefd7cb000 	C:\Windows\system32\KERNELBASE.dll
0x000007fefdfd0000 - 0x000007fefe0ab000 	C:\Windows\system32\ADVAPI32.dll
0x000007feff0e0000 - 0x000007feff17f000 	C:\Windows\system32\msvcrt.dll
0x000007feff470000 - 0x000007feff48f000 	C:\Windows\SYSTEM32\sechost.dll
0x000007fefdea0000 - 0x000007fefdfcd000 	C:\Windows\system32\RPCRT4.dll
0x0000000077540000 - 0x000000007763a000 	C:\Windows\system32\USER32.dll
0x000007fefdc80000 - 0x000007fefdce7000 	C:\Windows\system32\GDI32.dll
0x000007fefde90000 - 0x000007fefde9e000 	C:\Windows\system32\LPK.dll
0x000007fefdbb0000 - 0x000007fefdc79000 	C:\Windows\system32\USP10.dll
0x000007fefc060000 - 0x000007fefc254000 	C:\Windows\WinSxS\amd64_microsoft.windows.common-controls_6595b64144ccf1df_6.0.7601.17514_none_fa396087175ac9ac\COMCTL32.dll
0x000007feff3f0000 - 0x000007feff461000 	C:\Windows\system32\SHLWAPI.dll
0x000007fefe0b0000 - 0x000007fefe0de000 	C:\Windows\system32\IMM32.DLL
0x000007feff700000 - 0x000007feff809000 	C:\Windows\system32\MSCTF.dll
0x0000000065990000 - 0x0000000065a62000 	C:\Program Files\Java\jdk1.8.0_101\jre\bin\msvcr100.dll
0x00000000635b0000 - 0x0000000063e4a000 	C:\Program Files\Java\jdk1.8.0_101\jre\bin\server\jvm.dll
0x000007fef8ec0000 - 0x000007fef8ec9000 	C:\Windows\system32\WSOCK32.dll
0x000007feff180000 - 0x000007feff1cd000 	C:\Windows\system32\WS2_32.dll
0x000007feff6f0000 - 0x000007feff6f8000 	C:\Windows\system32\NSI.dll
0x000007fefa1e0000 - 0x000007fefa21b000 	C:\Windows\system32\WINMM.dll
0x000007fefc650000 - 0x000007fefc65c000 	C:\Windows\system32\VERSION.dll
0x0000000077920000 - 0x0000000077927000 	C:\Windows\system32\PSAPI.DLL
0x0000000075160000 - 0x000000007516f000 	C:\Program Files\Java\jdk1.8.0_101\jre\bin\verify.dll
0x0000000075130000 - 0x0000000075159000 	C:\Program Files\Java\jdk1.8.0_101\jre\bin\java.dll
0x0000000075110000 - 0x0000000075126000 	C:\Program Files\Java\jdk1.8.0_101\jre\bin\zip.dll
0x000007fefe2f0000 - 0x000007feff078000 	C:\Windows\system32\SHELL32.dll
0x000007fefe0e0000 - 0x000007fefe2e3000 	C:\Windows\system32\ole32.dll
0x000007fefd6b0000 - 0x000007fefd6bf000 	C:\Windows\system32\profapi.dll

VM Arguments:
jvm_args: -Djava.awt.headless=true -Xmx1024M -Dfile.encoding=windows-1252 -Duser.country=US -Duser.language=en -Duser.variant 
java_command: com.android.dx.command.Main --dex --force-jumbo --num-threads=4 --multi-dex --output D:\MyPC\workplaceproject\Erp\app\build\intermediates\transforms\dex\debug\folders\1000\5\slice_0 D:\MyPC\workplaceproject\Erp\app\build\intermediates\transforms\instantRunSlicer\debug\folders\1\5\slice_0
java_class_path (initial): C:\Users\db\AppData\Local\Android\Sdk\build-tools\25.0.2\lib\dx.jar
Launcher Type: SUN_STANDARD

Environment Variables:
PATH=C:\Program Files (x86)\Common Files\Intel\Shared Files\cpp\bin\Intel64;C:\Python27\;C:\Python27\Scripts;C:\ProgramData\Oracle\Java\javapath;c:\OraHome_1\bin;c:\OraHome_1\jre\1.4.2\bin\client;c:\OraHome_1\jre\1.4.2\bin;c:\DevSuiteHome_1\jdk\jre\bin\classic;c:\DevSuiteHome_1\jdk\jre\bin;c:\DevSuiteHome_1\jdk\jre\bin\client;c:\DevSuiteHome_1\jlib;c:\DevSuiteHome_1\bin;c:\DevSuiteHome_1\jre\1.4.2\bin\client;c:\DevSuiteHome_1\jre\1.4.2\bin;C:\Windows\system32;C:\Windows;C:\Windows\System32\Wbem;C:\Windows\System32\WindowsPowerShell\v1.0\;C:\Program Files\Java\jdk1.8.0_101\bin;C:\Program Files (x86)\Skype\Phone\;C:\Program Files\nodejs\;C:\Users\db\AppData\Local\atom\bin;C:\Users\db\AppData\Roaming\npm
USERNAME=db
OS=Windows_NT
PROCESSOR_IDENTIFIER=Intel64 Family 6 Model 60 Stepping 3, GenuineIntel



---------------  S Y S T E M  ---------------

OS: Windows 7 , 64 bit Build 7601 (6.1.7601.17514)

CPU:total 4 (2 cores per cpu, 2 threads per core) family 6 model 60 stepping 3, cmov, cx8, fxsr, mmx, sse, sse2, sse3, ssse3, sse4.1, sse4.2, popcnt, avx, avx2, aes, clmul, erms, lzcnt, ht, tsc, tscinvbit, bmi1, bmi2

Memory: 4k page, physical 8256556k(1080548k free), swap 9893108k(5068k free)

vm_info: Java HotSpot(TM) 64-Bit Server VM (25.101-b13) for windows-amd64 JRE (1.8.0_101-b13), built on Jun 22 2016 01:21:29 by "java_re" with MS VC++ 10.0 (VS2010)

time: Tue Jun 06 15:07:12 2017
elapsed time: 2 seconds (0d 0h 0m 2s)

