#
# There is insufficient memory for the Java Runtime Environment to continue.
# Native memory allocation (malloc) failed to allocate 377936 bytes for Chunk::new
# Possible reasons:
#   The system is out of physical RAM or swap space
#   In 32 bit mode, the process size limit was hit
# Possible solutions:
#   Reduce memory load on the system
#   Increase physical memory or swap space
#   Check if swap backing store is full
#   Use 64 bit Java on a 64 bit OS
#   Decrease Java heap size (-Xmx/-Xms)
#   Decrease number of Java threads
#   Decrease Java thread stack sizes (-Xss)
#   Set larger code cache with -XX:ReservedCodeCacheSize=
# This output file may be truncated or incomplete.
#
#  Out of Memory Error (allocation.cpp:390), pid=3592, tid=0x0000000000001598
#
# JRE version: Java(TM) SE Runtime Environment (8.0_101-b13) (build 1.8.0_101-b13)
# Java VM: Java HotSpot(TM) 64-Bit Server VM (25.101-b13 mixed mode windows-amd64 compressed oops)
# Failed to write core dump. Minidumps are not enabled by default on client versions of Windows
#

---------------  T H R E A D  ---------------

Current thread (0x0000000055112800):  JavaThread "C2 CompilerThread1" daemon [_thread_in_native, id=5528, stack(0x0000000056a10000,0x0000000056b10000)]

Stack: [0x0000000056a10000,0x0000000056b10000]
[error occurred during error reporting (printing stack bounds), id 0xc0000005]

Native frames: (J=compiled Java code, j=interpreted, Vv=VM code, C=native code)


Current CompileTask:
C2:   4254 1231       4       com.android.dx.dex.code.OutputFinisher::addConstants (93 bytes)


---------------  P R O C E S S  ---------------

Java Threads: ( => current thread )
  0x0000000056f07000 JavaThread "pool-1-thread-1" [_thread_in_Java, id=8000, stack(0x00000000573d0000,0x00000000574d0000)]
  0x0000000056d28800 JavaThread "Service Thread" daemon [_thread_blocked, id=5372, stack(0x0000000057240000,0x0000000057340000)]
  0x0000000055113800 JavaThread "C1 CompilerThread2" daemon [_thread_blocked, id=8116, stack(0x0000000056c20000,0x0000000056d20000)]
=>0x0000000055112800 JavaThread "C2 CompilerThread1" daemon [_thread_in_native, id=5528, stack(0x0000000056a10000,0x0000000056b10000)]
  0x000000005510f000 JavaThread "C2 CompilerThread0" daemon [_thread_in_native, id=5456, stack(0x00000000568c0000,0x00000000569c0000)]
  0x000000005511e000 JavaThread "Attach Listener" daemon [_thread_blocked, id=5468, stack(0x0000000056730000,0x0000000056830000)]
  0x000000005511c800 JavaThread "Signal Dispatcher" daemon [_thread_blocked, id=3756, stack(0x0000000056570000,0x0000000056670000)]
  0x00000000550f9800 JavaThread "Finalizer" daemon [_thread_blocked, id=7944, stack(0x00000000563b0000,0x00000000564b0000)]
  0x00000000550b2000 JavaThread "Reference Handler" daemon [_thread_blocked, id=7784, stack(0x00000000561f0000,0x00000000562f0000)]
  0x000000000227e000 JavaThread "main" [_thread_blocked, id=7996, stack(0x0000000002470000,0x0000000002570000)]

Other Threads:
  0x00000000550aa800 VMThread [stack: 0x0000000056020000,0x0000000056120000] [id=7352]
  0x0000000056d94000 WatcherThread [stack: 0x0000000057140000,0x0000000057240000] [id=6536]

VM state:not at safepoint (normal execution)

VM Mutex/Monitor currently owned by a thread: None

Heap:
 PSYoungGen      total 37888K, used 35551K [0x00000000eab00000, 0x00000000ef500000, 0x0000000100000000)
  eden space 32768K, 92% used [0x00000000eab00000,0x00000000ec8b9be8,0x00000000ecb00000)
  from space 5120K, 99% used [0x00000000ecb00000,0x00000000ecffe098,0x00000000ed000000)
  to   space 5120K, 0% used [0x00000000ef000000,0x00000000ef000000,0x00000000ef500000)
 ParOldGen       total 86016K, used 1199K [0x00000000c0000000, 0x00000000c5400000, 0x00000000eab00000)
  object space 86016K, 1% used [0x00000000c0000000,0x00000000c012be00,0x00000000c5400000)
 Metaspace       used 6022K, capacity 7024K, committed 7296K, reserved 1056768K
  class space    used 607K, capacity 616K, committed 640K, reserved 1048576K

Card table byte_map: [0x0000000011c00000,0x0000000011e10000] byte_map_base: 0x0000000011600000

Marking Bits: (ParMarkBitMap*) 0x000000006e64a6d0
 Begin Bits: [0x0000000012520000, 0x0000000013520000)
 End Bits:   [0x0000000013520000, 0x0000000014520000)

Polling page: 0x0000000000130000

CodeCache: size=245760Kb used=4244Kb max_used=4244Kb free=241515Kb
 bounds [0x0000000002840000, 0x0000000002c70000, 0x0000000011840000]
 total_blobs=1520 nmethods=1257 adapters=176
 compilation: enabled

Compilation events (10 events):
Event: 4.245 Thread 0x0000000055113800 1375       2       com.android.dx.dex.code.TargetInsn::getTargetOffset (13 bytes)
Event: 4.245 Thread 0x0000000055113800 nmethod 1375 0x0000000002c64d10 code [0x0000000002c64ea0, 0x0000000002c65158]
Event: 4.246 Thread 0x0000000055113800 1376       1       com.android.dx.dex.code.form.Form21c::codeSize (2 bytes)
Event: 4.246 Thread 0x0000000055113800 nmethod 1376 0x0000000002c652d0 code [0x0000000002c65420, 0x0000000002c65530]
Event: 4.246 Thread 0x0000000055113800 1377       2       com.android.dx.dex.code.InsnFormat::signedFitsInShort (12 bytes)
Event: 4.246 Thread 0x0000000055113800 nmethod 1377 0x0000000002c65590 code [0x0000000002c656e0, 0x0000000002c65830]
Event: 4.246 Thread 0x0000000055113800 1378   !   2       com.android.dx.dex.code.LocalList$Entry::<init> (91 bytes)
Event: 4.247 Thread 0x0000000055113800 nmethod 1378 0x0000000002c658d0 code [0x0000000002c65aa0, 0x0000000002c65f58]
Event: 4.248 Thread 0x0000000055113800 1379       2       com.android.dx.dex.code.LocalList$MakeState::startLocal (266 bytes)
Event: 4.250 Thread 0x0000000055113800 nmethod 1379 0x0000000002c662d0 code [0x0000000002c66620, 0x0000000002c67538]

GC Heap History (2 events):
Event: 2.725 GC heap before
{Heap before GC invocations=1 (full 0):
 PSYoungGen      total 37888K, used 32768K [0x00000000eab00000, 0x00000000ed500000, 0x0000000100000000)
  eden space 32768K, 100% used [0x00000000eab00000,0x00000000ecb00000,0x00000000ecb00000)
  from space 5120K, 0% used [0x00000000ed000000,0x00000000ed000000,0x00000000ed500000)
  to   space 5120K, 0% used [0x00000000ecb00000,0x00000000ecb00000,0x00000000ed000000)
 ParOldGen       total 86016K, used 0K [0x00000000c0000000, 0x00000000c5400000, 0x00000000eab00000)
  object space 86016K, 0% used [0x00000000c0000000,0x00000000c0000000,0x00000000c5400000)
 Metaspace       used 5583K, capacity 6640K, committed 6784K, reserved 1056768K
  class space    used 588K, capacity 616K, committed 640K, reserved 1048576K
Event: 2.890 GC heap after
Heap after GC invocations=1 (full 0):
 PSYoungGen      total 37888K, used 5112K [0x00000000eab00000, 0x00000000ef500000, 0x0000000100000000)
  eden space 32768K, 0% used [0x00000000eab00000,0x00000000eab00000,0x00000000ecb00000)
  from space 5120K, 99% used [0x00000000ecb00000,0x00000000ecffe098,0x00000000ed000000)
  to   space 5120K, 0% used [0x00000000ef000000,0x00000000ef000000,0x00000000ef500000)
 ParOldGen       total 86016K, used 1199K [0x00000000c0000000, 0x00000000c5400000, 0x00000000eab00000)
  object space 86016K, 1% used [0x00000000c0000000,0x00000000c012be00,0x00000000c5400000)
 Metaspace       used 5583K, capacity 6640K, committed 6784K, reserved 1056768K
  class space    used 588K, capacity 616K, committed 640K, reserved 1048576K
}

Deoptimization events (10 events):
Event: 0.812 Thread 0x0000000056f0b800 Uncommon trap: reason=unstable_if action=reinterpret pc=0x0000000002a4cee0 method=java.util.BitSet.nextSetBit(I)I @ 87
Event: 2.385 Thread 0x0000000056f0c800 Uncommon trap: reason=unstable_if action=reinterpret pc=0x0000000002a8e704 method=com.android.dx.rop.cst.Constant.compareTo(Lcom/android/dx/rop/cst/Constant;)I @ 12
Event: 2.386 Thread 0x0000000056f0c800 Uncommon trap: reason=bimorphic action=maybe_recompile pc=0x0000000002ad4914 method=java.util.HashMap.getNode(ILjava/lang/Object;)Ljava/util/HashMap$Node; @ 126
Event: 2.386 Thread 0x0000000056f0c800 Uncommon trap: reason=bimorphic action=maybe_recompile pc=0x0000000002ad4914 method=java.util.HashMap.getNode(ILjava/lang/Object;)Ljava/util/HashMap$Node; @ 126
Event: 2.591 Thread 0x0000000056f0c800 Uncommon trap: reason=class_check action=maybe_recompile pc=0x0000000002ad4970 method=com.android.dx.rop.type.Type.equals(Ljava/lang/Object;)Z @ 8
Event: 2.591 Thread 0x0000000056f0c800 Uncommon trap: reason=class_check action=maybe_recompile pc=0x0000000002ad4970 method=com.android.dx.rop.type.Type.equals(Ljava/lang/Object;)Z @ 8
Event: 2.630 Thread 0x0000000056f0c800 Uncommon trap: reason=unstable_if action=reinterpret pc=0x0000000002a8f85c method=com.android.dx.rop.code.RegisterSpecSet.put(Lcom/android/dx/rop/code/RegisterSpec;)V @ 77
Event: 2.630 Thread 0x0000000056f0c800 Uncommon trap: reason=unstable_if action=reinterpret pc=0x0000000002b29658 method=com.android.dx.rop.code.RegisterSpecSet.put(Lcom/android/dx/rop/code/RegisterSpec;)V @ 77
Event: 3.024 Thread 0x000000000227e000 Uncommon trap: reason=class_check action=maybe_recompile pc=0x0000000002ad4970 method=com.android.dx.rop.type.Type.equals(Ljava/lang/Object;)Z @ 8
Event: 3.024 Thread 0x000000000227e000 Uncommon trap: reason=class_check action=maybe_recompile pc=0x0000000002ad4970 method=com.android.dx.rop.type.Type.equals(Ljava/lang/Object;)Z @ 8

Internal exceptions (2 events):
Event: 0.355 Thread 0x000000000227e000 Exception <a 'java/lang/NoSuchMethodError': Method sun.misc.Unsafe.defineClass(Ljava/lang/String;[BII)Ljava/lang/Class; name or signature does not match> (0x00000000eab07cc0) thrown at [C:\re\workspace\8-2-build-windows-amd64-cygwin\jdk8u101\7261\hotspot\sDØ—KÁÖ?
Event: 0.356 Thread 0x000000000227e000 Exception <a 'java/lang/NoSuchMethodError': Method sun.misc.Unsafe.prefetchRead(Ljava/lang/Object;J)V name or signature does not match> (0x00000000eab07fa8) thrown at [C:\re\workspace\8-2-build-windows-amd64-cygwin\jdk8u101\7261\hotspot\src\share\vm\prims\

Events (10 events):
Event: 4.211 loading class com/android/dx/dex/code/CatchHandlerList$Entry
Event: 4.211 loading class com/android/dx/dex/code/CatchHandlerList$Entry done
Event: 4.211 loading class com/android/dx/dex/code/CatchTable$Entry
Event: 4.211 loading class com/android/dx/dex/code/CatchTable$Entry done
Event: 4.212 loading class com/android/dx/util/ByteArrayAnnotatedOutput
Event: 4.212 loading class com/android/dx/util/ByteArrayAnnotatedOutput done
Event: 4.226 Thread 0x0000000056f07000 DEOPT PACKING pc=0x0000000002c4fa70 sp=0x00000000574cea90
Event: 4.226 Thread 0x0000000056f07000 DEOPT UNPACKING pc=0x000000000288787f sp=0x00000000574ce810 mode 0
Event: 4.239 Thread 0x0000000056f07000 DEOPT PACKING pc=0x0000000002c42ba6 sp=0x00000000574ceba0
Event: 4.239 Thread 0x0000000056f07000 DEOPT UNPACKING pc=0x000000000288787f sp=0x00000000574ce950 mode 0


Dynamic libraries:
0x000000013ff00000 - 0x000000013ff37000 	C:\Program Files\Java\jdk1.8.0_101\bin\java.exe
0x0000000077540000 - 0x00000000776e9000 	C:\Windows\SYSTEM32\ntdll.dll
0x0000000077320000 - 0x000000007743f000 	C:\Windows\system32\kernel32.dll
0x000007fefd540000 - 0x000007fefd5ab000 	C:\Windows\system32\KERNELBASE.dll
0x000007fefed20000 - 0x000007fefedfb000 	C:\Windows\system32\ADVAPI32.dll
0x000007feff4f0000 - 0x000007feff58f000 	C:\Windows\system32\msvcrt.dll
0x000007feff000000 - 0x000007feff01f000 	C:\Windows\SYSTEM32\sechost.dll
0x000007fefebf0000 - 0x000007fefed1d000 	C:\Windows\system32\RPCRT4.dll
0x0000000077440000 - 0x000000007753a000 	C:\Windows\system32\USER32.dll
0x000007feff590000 - 0x000007feff5f7000 	C:\Windows\system32\GDI32.dll
0x000007feff110000 - 0x000007feff11e000 	C:\Windows\system32\LPK.dll
0x000007feff380000 - 0x000007feff449000 	C:\Windows\system32\USP10.dll
0x000007fefbe40000 - 0x000007fefc034000 	C:\Windows\WinSxS\amd64_microsoft.windows.common-controls_6595b64144ccf1df_6.0.7601.17514_none_fa396087175ac9ac\COMCTL32.dll
0x000007fefee00000 - 0x000007fefee71000 	C:\Windows\system32\SHLWAPI.dll
0x000007feff020000 - 0x000007feff04e000 	C:\Windows\system32\IMM32.DLL
0x000007feff740000 - 0x000007feff849000 	C:\Windows\system32\MSCTF.dll
0x0000000061790000 - 0x0000000061862000 	C:\Program Files\Java\jdk1.8.0_101\jre\bin\msvcr100.dll
0x000000006de30000 - 0x000000006e6ca000 	C:\Program Files\Java\jdk1.8.0_101\jre\bin\server\jvm.dll
0x000007fef8620000 - 0x000007fef8629000 	C:\Windows\system32\WSOCK32.dll
0x000007feff600000 - 0x000007feff64d000 	C:\Windows\system32\WS2_32.dll
0x000007feff6d0000 - 0x000007feff6d8000 	C:\Windows\system32\NSI.dll
0x000007fef9f20000 - 0x000007fef9f5b000 	C:\Windows\system32\WINMM.dll
0x000007fefc5f0000 - 0x000007fefc5fc000 	C:\Windows\system32\VERSION.dll
0x0000000077710000 - 0x0000000077717000 	C:\Windows\system32\PSAPI.DLL
0x00000000711d0000 - 0x00000000711df000 	C:\Program Files\Java\jdk1.8.0_101\jre\bin\verify.dll
0x00000000711a0000 - 0x00000000711c9000 	C:\Program Files\Java\jdk1.8.0_101\jre\bin\java.dll
0x0000000070c50000 - 0x0000000070c66000 	C:\Program Files\Java\jdk1.8.0_101\jre\bin\zip.dll
0x000007fefde60000 - 0x000007fefebe8000 	C:\Windows\system32\SHELL32.dll
0x000007fefdc50000 - 0x000007fefde53000 	C:\Windows\system32\ole32.dll
0x000007fefd490000 - 0x000007fefd49f000 	C:\Windows\system32\profapi.dll

VM Arguments:
jvm_args: -Djava.awt.headless=true -Xmx1024M -Dfile.encoding=windows-1252 -Duser.country=US -Duser.language=en -Duser.variant 
java_command: com.android.dx.command.Main --dex --force-jumbo --num-threads=4 --multi-dex --output D:\MyPC\workplaceproject\Erp\app\build\intermediates\transforms\dex\debug\folders\1000\10\com.android.support-transition-25.3.1_f51b486260255ba3d8bc5fccfb7d1232c01c07f6 D:\MyPC\workplaceproject\Erp\app\build\intermediates\exploded-aar\com.android.support\transition\25.3.1\jars\classes.jar
java_class_path (initial): C:\Users\db\AppData\Local\Android\Sdk\build-tools\25.0.2\lib\dx.jar
Launcher Type: SUN_STANDARD

Environment Variables:
PATH=C:\Program Files (x86)\Common Files\Intel\Shared Files\cpp\bin\Intel64;C:\Python27\;C:\Python27\Scripts;C:\ProgramData\Oracle\Java\javapath;c:\OraHome_1\bin;c:\OraHome_1\jre\1.4.2\bin\client;c:\OraHome_1\jre\1.4.2\bin;c:\DevSuiteHome_1\jdk\jre\bin\classic;c:\DevSuiteHome_1\jdk\jre\bin;c:\DevSuiteHome_1\jdk\jre\bin\client;c:\DevSuiteHome_1\jlib;c:\DevSuiteHome_1\bin;c:\DevSuiteHome_1\jre\1.4.2\bin\client;c:\DevSuiteHome_1\jre\1.4.2\bin;C:\Windows\system32;C:\Windows;C:\Windows\System32\Wbem;C:\Windows\System32\WindowsPowerShell\v1.0\;C:\Program Files\Java\jdk1.8.0_101\bin;C:\Program Files (x86)\Skype\Phone\;C:\Program Files\nodejs\;C:\Users\db\AppData\Local\atom\bin;C:\Users\db\AppData\Roaming\npm
USERNAME=db
OS=Windows_NT
PROCESSOR_IDENTIFIER=Intel64 Family 6 Model 60 Stepping 3, GenuineIntel



---------------  S Y S T E M  ---------------

OS: Windows 7 , 64 bit Build 7601 (6.1.7601.17514)

CPU:total 4 (2 cores per cpu, 2 threads per core) family 6 model 60 stepping 3, cmov, cx8, fxsr, mmx, sse, sse2, sse3, ssse3, sse4.1, sse4.2, popcnt, avx, avx2, aes, clmul, erms, lzcnt, ht, tsc, tscinvbit, bmi1, bmi2

Memory: 4k page, physical 8256556k(909140k free), swap 9893108k(5112k free)

vm_info: Java HotSpot(TM) 64-Bit Server VM (25.101-b13) for windows-amd64 JRE (1.8.0_101-b13), built on Jun 22 2016 01:21:29 by "java_re" with MS VC++ 10.0 (VS2010)

time: Fri Jun 02 18:25:50 2017
elapsed time: 4 seconds (0d 0h 0m 4s)

