#
# There is insufficient memory for the Java Runtime Environment to continue.
# Native memory allocation (malloc) failed to allocate 916016 bytes for Chunk::new
# Possible reasons:
#   The system is out of physical RAM or swap space
#   In 32 bit mode, the process size limit was hit
# Possible solutions:
#   Reduce memory load on the system
#   Increase physical memory or swap space
#   Check if swap backing store is full
#   Use 64 bit Java on a 64 bit OS
#   Decrease Java heap size (-Xmx/-Xms)
#   Decrease number of Java threads
#   Decrease Java thread stack sizes (-Xss)
#   Set larger code cache with -XX:ReservedCodeCacheSize=
# This output file may be truncated or incomplete.
#
#  Out of Memory Error (allocation.cpp:390), pid=5328, tid=0x0000000000001784
#
# JRE version: Java(TM) SE Runtime Environment (8.0_101-b13) (build 1.8.0_101-b13)
# Java VM: Java HotSpot(TM) 64-Bit Server VM (25.101-b13 mixed mode windows-amd64 compressed oops)
# Failed to write core dump. Minidumps are not enabled by default on client versions of Windows
#

---------------  T H R E A D  ---------------

Current thread (0x0000000055188000):  JavaThread "C2 CompilerThread1" daemon [_thread_in_native, id=6020, stack(0x0000000056a80000,0x0000000056b80000)]

Stack: [0x0000000056a80000,0x0000000056b80000]
[error occurred during error reporting (printing stack bounds), id 0xc0000005]

Native frames: (J=compiled Java code, j=interpreted, Vv=VM code, C=native code)


Current CompileTask:
C2:  13196 1872       4       com.android.dx.cf.code.Simulator$SimVisitor::visitConstant (332 bytes)


---------------  P R O C E S S  ---------------

Java Threads: ( => current thread )
  0x0000000056f4d000 JavaThread "pool-2-thread-4" [_thread_blocked, id=5632, stack(0x0000000057090000,0x0000000057190000)]
  0x0000000056f51000 JavaThread "pool-2-thread-3" [_thread_blocked, id=5976, stack(0x0000000057830000,0x0000000057930000)]
  0x0000000056e58000 JavaThread "pool-2-thread-2" [_thread_blocked, id=7984, stack(0x0000000057690000,0x0000000057790000)]
  0x0000000056e98000 JavaThread "pool-3-thread-1" [_thread_blocked, id=1592, stack(0x0000000057540000,0x0000000057640000)]
  0x0000000056e96000 JavaThread "pool-2-thread-1" [_thread_blocked, id=8004, stack(0x0000000057330000,0x0000000057430000)]
  0x0000000056b8a000 JavaThread "Service Thread" daemon [_thread_blocked, id=6976, stack(0x0000000056f80000,0x0000000057080000)]
  0x0000000055189000 JavaThread "C1 CompilerThread2" daemon [_thread_blocked, id=7396, stack(0x0000000056420000,0x0000000056520000)]
=>0x0000000055188000 JavaThread "C2 CompilerThread1" daemon [_thread_in_native, id=6020, stack(0x0000000056a80000,0x0000000056b80000)]
  0x0000000055181000 JavaThread "C2 CompilerThread0" daemon [_thread_in_native, id=5000, stack(0x0000000056890000,0x0000000056990000)]
  0x000000005518e000 JavaThread "Attach Listener" daemon [_thread_blocked, id=5712, stack(0x0000000056770000,0x0000000056870000)]
  0x000000005518d000 JavaThread "Signal Dispatcher" daemon [_thread_blocked, id=3060, stack(0x00000000565a0000,0x00000000566a0000)]
  0x0000000055163800 JavaThread "Finalizer" daemon [_thread_blocked, id=7364, stack(0x0000000056110000,0x0000000056210000)]
  0x0000000055122000 JavaThread "Reference Handler" daemon [_thread_blocked, id=7508, stack(0x0000000056310000,0x0000000056410000)]
  0x00000000021de000 JavaThread "main" [_thread_blocked, id=7404, stack(0x00000000022b0000,0x00000000023b0000)]

Other Threads:
  0x000000005511a800 VMThread [stack: 0x0000000056210000,0x0000000056310000] [id=5600]
  0x0000000056bfe800 WatcherThread [stack: 0x00000000571c0000,0x00000000572c0000] [id=7932]

VM state:not at safepoint (normal execution)

VM Mutex/Monitor currently owned by a thread: None

Heap:
 PSYoungGen      total 70656K, used 39248K [0x00000000eab00000, 0x00000000ef500000, 0x0000000100000000)
  eden space 65536K, 52% used [0x00000000eab00000,0x00000000ecc59440,0x00000000eeb00000)
  from space 5120K, 99% used [0x00000000ef000000,0x00000000ef4faf98,0x00000000ef500000)
  to   space 5120K, 0% used [0x00000000eeb00000,0x00000000eeb00000,0x00000000ef000000)
 ParOldGen       total 86016K, used 5136K [0x00000000c0000000, 0x00000000c5400000, 0x00000000eab00000)
  object space 86016K, 5% used [0x00000000c0000000,0x00000000c05040a0,0x00000000c5400000)
 Metaspace       used 6353K, capacity 7128K, committed 7424K, reserved 1056768K
  class space    used 622K, capacity 656K, committed 768K, reserved 1048576K

Card table byte_map: [0x0000000011a40000,0x0000000011c50000] byte_map_base: 0x0000000011440000

Marking Bits: (ParMarkBitMap*) 0x000000006e64a6d0
 Begin Bits: [0x0000000012590000, 0x0000000013590000)
 End Bits:   [0x0000000013590000, 0x0000000014590000)

Polling page: 0x0000000000240000

CodeCache: size=245760Kb used=8603Kb max_used=8615Kb free=237156Kb
 bounds [0x0000000002680000, 0x0000000002f00000, 0x0000000011680000]
 total_blobs=2132 nmethods=1863 adapters=182
 compilation: enabled

Compilation events (10 events):
Event: 13.149 Thread 0x0000000055189000 1888       3       sun.util.calendar.CalendarDate::setTimeOfDay (6 bytes)
Event: 13.149 Thread 0x0000000055189000 nmethod 1888 0x0000000002edfed0 code [0x0000000002ee0020, 0x0000000002ee0170]
Event: 13.149 Thread 0x0000000055189000 1889       3       sun.util.calendar.CalendarDate::setLeapYear (6 bytes)
Event: 13.149 Thread 0x0000000055189000 nmethod 1889 0x0000000002edfbd0 code [0x0000000002edfd20, 0x0000000002edfe70]
Event: 13.149 Thread 0x0000000055189000 1890       3       java.util.TimeZone::getDefaultRef (32 bytes)
Event: 13.149 Thread 0x0000000055189000 nmethod 1890 0x0000000002edf810 code [0x0000000002edf980, 0x0000000002edfb48]
Event: 13.149 Thread 0x0000000055189000 1891       3       java.util.Date::getTimeImpl (27 bytes)
Event: 13.149 Thread 0x0000000055189000 nmethod 1891 0x0000000002edf310 code [0x0000000002edf480, 0x0000000002edf728]
Event: 13.154 Thread 0x0000000055189000 1892       3       com.android.dx.cf.code.LocalVariableList::mergeDescriptorsAndSignatures (80 bytes)
Event: 13.155 Thread 0x0000000055189000 nmethod 1892 0x0000000002edd190 code [0x0000000002edd420, 0x0000000002ede638]

GC Heap History (4 events):
Event: 1.750 GC heap before
{Heap before GC invocations=1 (full 0):
 PSYoungGen      total 37888K, used 32768K [0x00000000eab00000, 0x00000000ed500000, 0x0000000100000000)
  eden space 32768K, 100% used [0x00000000eab00000,0x00000000ecb00000,0x00000000ecb00000)
  from space 5120K, 0% used [0x00000000ed000000,0x00000000ed000000,0x00000000ed500000)
  to   space 5120K, 0% used [0x00000000ecb00000,0x00000000ecb00000,0x00000000ed000000)
 ParOldGen       total 86016K, used 0K [0x00000000c0000000, 0x00000000c5400000, 0x00000000eab00000)
  object space 86016K, 0% used [0x00000000c0000000,0x00000000c0000000,0x00000000c5400000)
 Metaspace       used 5970K, capacity 6898K, committed 7040K, reserved 1056768K
  class space    used 601K, capacity 618K, committed 640K, reserved 1048576K
Event: 1.857 GC heap after
Heap after GC invocations=1 (full 0):
 PSYoungGen      total 37888K, used 5100K [0x00000000eab00000, 0x00000000ef500000, 0x0000000100000000)
  eden space 32768K, 0% used [0x00000000eab00000,0x00000000eab00000,0x00000000ecb00000)
  from space 5120K, 99% used [0x00000000ecb00000,0x00000000ecffb370,0x00000000ed000000)
  to   space 5120K, 0% used [0x00000000ef000000,0x00000000ef000000,0x00000000ef500000)
 ParOldGen       total 86016K, used 1265K [0x00000000c0000000, 0x00000000c5400000, 0x00000000eab00000)
  object space 86016K, 1% used [0x00000000c0000000,0x00000000c013c6e8,0x00000000c5400000)
 Metaspace       used 5970K, capacity 6898K, committed 7040K, reserved 1056768K
  class space    used 601K, capacity 618K, committed 640K, reserved 1048576K
}
Event: 4.623 GC heap before
{Heap before GC invocations=2 (full 0):
 PSYoungGen      total 37888K, used 37868K [0x00000000eab00000, 0x00000000ef500000, 0x0000000100000000)
  eden space 32768K, 100% used [0x00000000eab00000,0x00000000ecb00000,0x00000000ecb00000)
  from space 5120K, 99% used [0x00000000ecb00000,0x00000000ecffb370,0x00000000ed000000)
  to   space 5120K, 0% used [0x00000000ef000000,0x00000000ef000000,0x00000000ef500000)
 ParOldGen       total 86016K, used 1265K [0x00000000c0000000, 0x00000000c5400000, 0x00000000eab00000)
  object space 86016K, 1% used [0x00000000c0000000,0x00000000c013c6e8,0x00000000c5400000)
 Metaspace       used 6262K, capacity 7064K, committed 7424K, reserved 1056768K
  class space    used 622K, capacity 656K, committed 768K, reserved 1048576K
Event: 5.366 GC heap after
Heap after GC invocations=2 (full 0):
 PSYoungGen      total 70656K, used 5099K [0x00000000eab00000, 0x00000000ef500000, 0x0000000100000000)
  eden space 65536K, 0% used [0x00000000eab00000,0x00000000eab00000,0x00000000eeb00000)
  from space 5120K, 99% used [0x00000000ef000000,0x00000000ef4faf98,0x00000000ef500000)
  to   space 5120K, 0% used [0x00000000eeb00000,0x00000000eeb00000,0x00000000ef000000)
 ParOldGen       total 86016K, used 5136K [0x00000000c0000000, 0x00000000c5400000, 0x00000000eab00000)
  object space 86016K, 5% used [0x00000000c0000000,0x00000000c05040a0,0x00000000c5400000)
 Metaspace       used 6262K, capacity 7064K, committed 7424K, reserved 1056768K
  class space    used 622K, capacity 656K, committed 768K, reserved 1048576K
}

Deoptimization events (10 events):
Event: 6.189 Thread 0x0000000056e58000 Uncommon trap: reason=bimorphic action=maybe_recompile pc=0x0000000002d37f90 method=com.android.dx.cf.code.BytecodeArray.parseInstruction(ILcom/android/dx/cf/code/BytecodeArray$Visitor;)I @ 923
Event: 6.190 Thread 0x0000000056e58000 Uncommon trap: reason=unstable_if action=reinterpret pc=0x0000000002d5a500 method=com.android.dx.cf.code.RopperMachine.run(Lcom/android/dx/cf/code/Frame;II)V @ 1500
Event: 6.193 Thread 0x0000000056e58000 Uncommon trap: reason=unstable_if action=reinterpret pc=0x00000000028fc14c method=java.util.HashMap.getNode(ILjava/lang/Object;)Ljava/util/HashMap$Node; @ 84
Event: 8.573 Thread 0x0000000056e58000 Uncommon trap: reason=bimorphic action=maybe_recompile pc=0x0000000002de06a8 method=com.android.dx.cf.code.BytecodeArray.parseInstruction(ILcom/android/dx/cf/code/BytecodeArray$Visitor;)I @ 891
Event: 8.573 Thread 0x0000000056e58000 Uncommon trap: reason=bimorphic action=maybe_recompile pc=0x0000000002de06a8 method=com.android.dx.cf.code.BytecodeArray.parseInstruction(ILcom/android/dx/cf/code/BytecodeArray$Visitor;)I @ 891
Event: 9.584 Thread 0x0000000056f51000 Uncommon trap: reason=class_check action=maybe_recompile pc=0x0000000002e1f200 method=com.android.dx.cf.code.BytecodeArray.parseInstruction(ILcom/android/dx/cf/code/BytecodeArray$Visitor;)I @ 987
Event: 9.584 Thread 0x0000000056f51000 Uncommon trap: reason=class_check action=maybe_recompile pc=0x0000000002e1f200 method=com.android.dx.cf.code.BytecodeArray.parseInstruction(ILcom/android/dx/cf/code/BytecodeArray$Visitor;)I @ 987
Event: 11.196 Thread 0x0000000056e96000 Uncommon trap: reason=unstable_if action=reinterpret pc=0x0000000002cd3e28 method=com.android.dx.util.BitIntSet.has(I)Z @ 8
Event: 11.748 Thread 0x0000000056e96000 Uncommon trap: reason=unstable_if action=reinterpret pc=0x0000000002d2113c method=java.util.HashMap.resize()[Ljava/util/HashMap$Node; @ 206
Event: 12.006 Thread 0x0000000056e96000 Uncommon trap: reason=unstable_if action=reinterpret pc=0x0000000002b51f28 method=com.android.dx.ssa.SCCP.simulateBranch(Lcom/android/dx/ssa/SsaInsn;)V @ 64

Internal exceptions (7 events):
Event: 0.216 Thread 0x00000000021de000 Exception <a 'java/lang/NoSuchMethodError': Method sun.misc.Unsafe.defineClass(Ljava/lang/String;[BII)Ljava/lang/Class; name or signature does not match> (0x00000000eab07cc0) thrown at [C:\re\workspace\8-2-build-windows-amd64-cygwin\jdk8u101\7261\hotspot\sÆ„Hi_ Ë?
Event: 0.216 Thread 0x00000000021de000 Exception <a 'java/lang/NoSuchMethodError': Method sun.misc.Unsafe.prefetchRead(Ljava/lang/Object;J)V name or signature does not match> (0x00000000eab07fa8) thrown at [C:\re\workspace\8-2-build-windows-amd64-cygwin\jdk8u101\7261\hotspot\src\share\vm\prims\lÖdC'þ?
Event: 1.885 Thread 0x0000000056f51000 Implicit null exception at 0x00000000028fda25 to 0x00000000028ffb49
Event: 1.885 Thread 0x0000000056f51000 Implicit null exception at 0x000000000290e416 to 0x0000000002910799
Event: 4.497 Thread 0x0000000056f51000 Exception <a 'java/lang/ArrayIndexOutOfBoundsException': 18> (0x00000000ec9194e0) thrown at [C:\re\workspace\8-2-build-windows-amd64-cygwin\jdk8u101\7261\hotspot\src\share\vm\interpreter\interpreterRuntime.cpp, line 366]
Event: 4.497 Thread 0x0000000056f51000 Exception <a 'java/lang/ArrayIndexOutOfBoundsException': 145> (0x00000000ec91b060) thrown at [C:\re\workspace\8-2-build-windows-amd64-cygwin\jdk8u101\7261\hotspot\src\share\vm\interpreter\interpreterRuntime.cpp, line 366]
Event: 4.555 Thread 0x0000000056f51000 Exception <a 'java/lang/ArrayIndexOutOfBoundsException'> (0x00000000ec91c348) thrown at [C:\re\workspace\8-2-build-windows-amd64-cygwin\jdk8u101\7261\hotspot\src\share\vm\runtime\sharedRuntime.cpp, line 605]

Events (10 events):
Event: 11.510 Thread 0x0000000056e96000 DEOPT PACKING pc=0x00000000029dfd31 sp=0x000000005742e510
Event: 11.510 Thread 0x0000000056e96000 DEOPT UNPACKING pc=0x00000000026c787f sp=0x000000005742e340 mode 0
Event: 11.748 Thread 0x0000000056e96000 Uncommon trap: trap_request=0xffffff65 fr.pc=0x0000000002d2113c
Event: 11.748 Thread 0x0000000056e96000 DEOPT PACKING pc=0x0000000002d2113c sp=0x000000005742e330
Event: 11.748 Thread 0x0000000056e96000 DEOPT UNPACKING pc=0x00000000026c582a sp=0x000000005742e298 mode 2
Event: 12.006 Thread 0x0000000056e96000 Uncommon trap: trap_request=0xffffff65 fr.pc=0x0000000002b51f28
Event: 12.006 Thread 0x0000000056e96000 DEOPT PACKING pc=0x0000000002b51f28 sp=0x000000005742e490
Event: 12.006 Thread 0x0000000056e96000 DEOPT UNPACKING pc=0x00000000026c582a sp=0x000000005742e460 mode 2
Event: 12.205 Thread 0x0000000056e96000 DEOPT PACKING pc=0x0000000002b4d221 sp=0x000000005742e660
Event: 12.205 Thread 0x0000000056e96000 DEOPT UNPACKING pc=0x00000000026c787f sp=0x000000005742e3f0 mode 0


Dynamic libraries:
0x000000013ff00000 - 0x000000013ff37000 	C:\Program Files\Java\jdk1.8.0_101\bin\java.exe
0x0000000077540000 - 0x00000000776e9000 	C:\Windows\SYSTEM32\ntdll.dll
0x0000000077320000 - 0x000000007743f000 	C:\Windows\system32\kernel32.dll
0x000007fefd540000 - 0x000007fefd5ab000 	C:\Windows\system32\KERNELBASE.dll
0x000007fefed20000 - 0x000007fefedfb000 	C:\Windows\system32\ADVAPI32.dll
0x000007feff4f0000 - 0x000007feff58f000 	C:\Windows\system32\msvcrt.dll
0x000007feff000000 - 0x000007feff01f000 	C:\Windows\SYSTEM32\sechost.dll
0x000007fefebf0000 - 0x000007fefed1d000 	C:\Windows\system32\RPCRT4.dll
0x0000000077440000 - 0x000000007753a000 	C:\Windows\system32\USER32.dll
0x000007feff590000 - 0x000007feff5f7000 	C:\Windows\system32\GDI32.dll
0x000007feff110000 - 0x000007feff11e000 	C:\Windows\system32\LPK.dll
0x000007feff380000 - 0x000007feff449000 	C:\Windows\system32\USP10.dll
0x000007fefbe40000 - 0x000007fefc034000 	C:\Windows\WinSxS\amd64_microsoft.windows.common-controls_6595b64144ccf1df_6.0.7601.17514_none_fa396087175ac9ac\COMCTL32.dll
0x000007fefee00000 - 0x000007fefee71000 	C:\Windows\system32\SHLWAPI.dll
0x000007feff020000 - 0x000007feff04e000 	C:\Windows\system32\IMM32.DLL
0x000007feff740000 - 0x000007feff849000 	C:\Windows\system32\MSCTF.dll
0x0000000061790000 - 0x0000000061862000 	C:\Program Files\Java\jdk1.8.0_101\jre\bin\msvcr100.dll
0x000000006de30000 - 0x000000006e6ca000 	C:\Program Files\Java\jdk1.8.0_101\jre\bin\server\jvm.dll
0x000007fef8620000 - 0x000007fef8629000 	C:\Windows\system32\WSOCK32.dll
0x000007feff600000 - 0x000007feff64d000 	C:\Windows\system32\WS2_32.dll
0x000007feff6d0000 - 0x000007feff6d8000 	C:\Windows\system32\NSI.dll
0x000007fef9f20000 - 0x000007fef9f5b000 	C:\Windows\system32\WINMM.dll
0x000007fefc5f0000 - 0x000007fefc5fc000 	C:\Windows\system32\VERSION.dll
0x0000000077710000 - 0x0000000077717000 	C:\Windows\system32\PSAPI.DLL
0x00000000711d0000 - 0x00000000711df000 	C:\Program Files\Java\jdk1.8.0_101\jre\bin\verify.dll
0x00000000711a0000 - 0x00000000711c9000 	C:\Program Files\Java\jdk1.8.0_101\jre\bin\java.dll
0x0000000070c50000 - 0x0000000070c66000 	C:\Program Files\Java\jdk1.8.0_101\jre\bin\zip.dll
0x000007fefde60000 - 0x000007fefebe8000 	C:\Windows\system32\SHELL32.dll
0x000007fefdc50000 - 0x000007fefde53000 	C:\Windows\system32\ole32.dll
0x000007fefd490000 - 0x000007fefd49f000 	C:\Windows\system32\profapi.dll

VM Arguments:
jvm_args: -Djava.awt.headless=true -Xmx1024M -Dfile.encoding=windows-1252 -Duser.country=US -Duser.language=en -Duser.variant 
java_command: com.android.dx.command.Main --dex --force-jumbo --num-threads=4 --multi-dex --output D:\MyPC\workplaceproject\Erp\app\build\intermediates\transforms\dex\debug\folders\1000\10\glide-3.7.0_18ac51a9afa1decf41254561d729b7f1aa2a8f8f C:\Users\db\.gradle\caches\modules-2\files-2.1\com.github.bumptech.glide\glide\3.7.0\9e9eeaf9948ee4d6c3ab354e8dc14368f16994a4\glide-3.7.0.jar
java_class_path (initial): C:\Users\db\AppData\Local\Android\Sdk\build-tools\25.0.2\lib\dx.jar
Launcher Type: SUN_STANDARD

Environment Variables:
PATH=C:\Program Files (x86)\Common Files\Intel\Shared Files\cpp\bin\Intel64;C:\Python27\;C:\Python27\Scripts;C:\ProgramData\Oracle\Java\javapath;c:\OraHome_1\bin;c:\OraHome_1\jre\1.4.2\bin\client;c:\OraHome_1\jre\1.4.2\bin;c:\DevSuiteHome_1\jdk\jre\bin\classic;c:\DevSuiteHome_1\jdk\jre\bin;c:\DevSuiteHome_1\jdk\jre\bin\client;c:\DevSuiteHome_1\jlib;c:\DevSuiteHome_1\bin;c:\DevSuiteHome_1\jre\1.4.2\bin\client;c:\DevSuiteHome_1\jre\1.4.2\bin;C:\Windows\system32;C:\Windows;C:\Windows\System32\Wbem;C:\Windows\System32\WindowsPowerShell\v1.0\;C:\Program Files\Java\jdk1.8.0_101\bin;C:\Program Files (x86)\Skype\Phone\;C:\Program Files\nodejs\;C:\Users\db\AppData\Local\atom\bin;C:\Users\db\AppData\Roaming\npm
USERNAME=db
OS=Windows_NT
PROCESSOR_IDENTIFIER=Intel64 Family 6 Model 60 Stepping 3, GenuineIntel



---------------  S Y S T E M  ---------------

OS: Windows 7 , 64 bit Build 7601 (6.1.7601.17514)

CPU:total 4 (2 cores per cpu, 2 threads per core) family 6 model 60 stepping 3, cmov, cx8, fxsr, mmx, sse, sse2, sse3, ssse3, sse4.1, sse4.2, popcnt, avx, avx2, aes, clmul, erms, lzcnt, ht, tsc, tscinvbit, bmi1, bmi2

Memory: 4k page, physical 8256556k(927508k free), swap 9893108k(196972k free)

vm_info: Java HotSpot(TM) 64-Bit Server VM (25.101-b13) for windows-amd64 JRE (1.8.0_101-b13), built on Jun 22 2016 01:21:29 by "java_re" with MS VC++ 10.0 (VS2010)

time: Fri Jun 02 18:25:53 2017
elapsed time: 13 seconds (0d 0h 0m 13s)

